{"D:\\Dev\\project-scaffolder-mcp-server\\src\\constants.ts": {"path":"D:\\Dev\\project-scaffolder-mcp-server\\src\\constants.ts","all":false,"statementMap":{"0":{"start":{"line":1,"column":0},"end":{"line":1,"column":59}},"1":{"start":{"line":2,"column":0},"end":{"line":2,"column":38}},"2":{"start":{"line":3,"column":0},"end":{"line":3,"column":38}},"3":{"start":{"line":4,"column":0},"end":{"line":4,"column":37}},"4":{"start":{"line":5,"column":0},"end":{"line":5,"column":39}},"5":{"start":{"line":6,"column":0},"end":{"line":6,"column":38}},"6":{"start":{"line":7,"column":0},"end":{"line":7,"column":42}},"7":{"start":{"line":8,"column":0},"end":{"line":8,"column":35}},"8":{"start":{"line":9,"column":0},"end":{"line":9,"column":33}},"10":{"start":{"line":11,"column":0},"end":{"line":11,"column":25}},"11":{"start":{"line":12,"column":0},"end":{"line":12,"column":34}},"12":{"start":{"line":13,"column":0},"end":{"line":13,"column":22}},"13":{"start":{"line":14,"column":0},"end":{"line":14,"column":37}},"14":{"start":{"line":15,"column":0},"end":{"line":15,"column":11}},"16":{"start":{"line":17,"column":0},"end":{"line":17,"column":36}},"17":{"start":{"line":18,"column":0},"end":{"line":18,"column":81}},"18":{"start":{"line":19,"column":0},"end":{"line":19,"column":76}},"19":{"start":{"line":20,"column":0},"end":{"line":20,"column":80}},"20":{"start":{"line":21,"column":0},"end":{"line":21,"column":77}},"21":{"start":{"line":22,"column":0},"end":{"line":22,"column":74}},"22":{"start":{"line":23,"column":0},"end":{"line":23,"column":81}},"23":{"start":{"line":24,"column":0},"end":{"line":24,"column":78}},"24":{"start":{"line":25,"column":0},"end":{"line":25,"column":77}},"25":{"start":{"line":26,"column":0},"end":{"line":26,"column":66}},"26":{"start":{"line":27,"column":0},"end":{"line":27,"column":3}},"28":{"start":{"line":29,"column":0},"end":{"line":29,"column":36}},"29":{"start":{"line":30,"column":0},"end":{"line":30,"column":68}},"30":{"start":{"line":31,"column":0},"end":{"line":31,"column":74}},"31":{"start":{"line":32,"column":0},"end":{"line":32,"column":75}},"32":{"start":{"line":33,"column":0},"end":{"line":33,"column":64}},"33":{"start":{"line":34,"column":0},"end":{"line":34,"column":3}},"35":{"start":{"line":36,"column":0},"end":{"line":36,"column":117}}},"s":{"0":1,"1":1,"2":1,"3":1,"4":1,"5":1,"6":1,"7":1,"8":1,"10":1,"11":1,"12":1,"13":1,"14":1,"16":1,"17":1,"18":1,"19":1,"20":1,"21":1,"22":1,"23":1,"24":1,"25":1,"26":1,"28":1,"29":1,"30":1,"31":1,"32":1,"33":1,"35":1},"branchMap":{},"b":{},"fnMap":{},"f":{}}
,"D:\\Dev\\project-scaffolder-mcp-server\\src\\types.ts": {"path":"D:\\Dev\\project-scaffolder-mcp-server\\src\\types.ts","all":true,"statementMap":{},"s":{},"branchMap":{"0":{"type":"branch","line":1,"loc":{"start":{"line":1,"column":4759},"end":{"line":167,"column":1}},"locations":[{"start":{"line":1,"column":4759},"end":{"line":167,"column":1}}]}},"b":{"0":[1]},"fnMap":{"0":{"name":"(empty-report)","decl":{"start":{"line":1,"column":4759},"end":{"line":167,"column":1}},"loc":{"start":{"line":1,"column":4759},"end":{"line":167,"column":1}},"line":1}},"f":{"0":1}}
,"D:\\Dev\\project-scaffolder-mcp-server\\src\\services\\name-utils.ts": {"path":"D:\\Dev\\project-scaffolder-mcp-server\\src\\services\\name-utils.ts","all":false,"statementMap":{"0":{"start":{"line":1,"column":0},"end":{"line":1,"column":66}},"3":{"start":{"line":4,"column":0},"end":{"line":4,"column":52}},"4":{"start":{"line":5,"column":0},"end":{"line":5,"column":33}},"5":{"start":{"line":6,"column":0},"end":{"line":6,"column":40}},"6":{"start":{"line":7,"column":0},"end":{"line":7,"column":57}},"7":{"start":{"line":8,"column":0},"end":{"line":8,"column":94}},"8":{"start":{"line":9,"column":0},"end":{"line":9,"column":5}},"9":{"start":{"line":10,"column":0},"end":{"line":10,"column":32}},"10":{"start":{"line":11,"column":0},"end":{"line":11,"column":92}},"11":{"start":{"line":12,"column":0},"end":{"line":12,"column":5}},"12":{"start":{"line":13,"column":0},"end":{"line":13,"column":54}},"13":{"start":{"line":14,"column":0},"end":{"line":14,"column":50}},"14":{"start":{"line":15,"column":0},"end":{"line":15,"column":78}},"15":{"start":{"line":16,"column":0},"end":{"line":16,"column":1}},"17":{"start":{"line":18,"column":0},"end":{"line":18,"column":36}},"18":{"start":{"line":19,"column":0},"end":{"line":19,"column":81}},"19":{"start":{"line":20,"column":0},"end":{"line":20,"column":1}},"21":{"start":{"line":22,"column":0},"end":{"line":22,"column":67}},"22":{"start":{"line":23,"column":0},"end":{"line":23,"column":35}},"23":{"start":{"line":24,"column":0},"end":{"line":24,"column":96}},"24":{"start":{"line":25,"column":0},"end":{"line":25,"column":12}},"25":{"start":{"line":26,"column":0},"end":{"line":26,"column":40}},"26":{"start":{"line":27,"column":0},"end":{"line":27,"column":59}},"27":{"start":{"line":28,"column":0},"end":{"line":28,"column":31}},"28":{"start":{"line":29,"column":0},"end":{"line":29,"column":31}},"29":{"start":{"line":30,"column":0},"end":{"line":30,"column":42}},"30":{"start":{"line":31,"column":0},"end":{"line":31,"column":6}},"31":{"start":{"line":32,"column":0},"end":{"line":32,"column":1}},"33":{"start":{"line":34,"column":0},"end":{"line":34,"column":108}},"34":{"start":{"line":35,"column":0},"end":{"line":35,"column":32}},"35":{"start":{"line":36,"column":0},"end":{"line":36,"column":37}},"36":{"start":{"line":37,"column":0},"end":{"line":37,"column":44}},"37":{"start":{"line":38,"column":0},"end":{"line":38,"column":99}},"38":{"start":{"line":39,"column":0},"end":{"line":39,"column":5}},"39":{"start":{"line":40,"column":0},"end":{"line":40,"column":32}},"40":{"start":{"line":41,"column":0},"end":{"line":41,"column":109}},"41":{"start":{"line":42,"column":0},"end":{"line":42,"column":108}},"42":{"start":{"line":43,"column":0},"end":{"line":43,"column":51}},"43":{"start":{"line":44,"column":0},"end":{"line":44,"column":31}},"44":{"start":{"line":45,"column":0},"end":{"line":45,"column":46}},"45":{"start":{"line":46,"column":0},"end":{"line":46,"column":72}},"46":{"start":{"line":47,"column":0},"end":{"line":47,"column":75}},"47":{"start":{"line":48,"column":0},"end":{"line":48,"column":9}},"48":{"start":{"line":49,"column":0},"end":{"line":49,"column":45}},"49":{"start":{"line":50,"column":0},"end":{"line":50,"column":68}},"50":{"start":{"line":51,"column":0},"end":{"line":51,"column":74}},"51":{"start":{"line":52,"column":0},"end":{"line":52,"column":9}},"52":{"start":{"line":53,"column":0},"end":{"line":53,"column":64}},"53":{"start":{"line":54,"column":0},"end":{"line":54,"column":92}},"54":{"start":{"line":55,"column":0},"end":{"line":55,"column":9}},"55":{"start":{"line":56,"column":0},"end":{"line":56,"column":5}},"56":{"start":{"line":57,"column":0},"end":{"line":57,"column":35}},"57":{"start":{"line":58,"column":0},"end":{"line":58,"column":60}},"58":{"start":{"line":59,"column":0},"end":{"line":59,"column":80}},"59":{"start":{"line":60,"column":0},"end":{"line":60,"column":9}},"60":{"start":{"line":61,"column":0},"end":{"line":61,"column":91}},"61":{"start":{"line":62,"column":0},"end":{"line":62,"column":106}},"62":{"start":{"line":63,"column":0},"end":{"line":63,"column":9}},"63":{"start":{"line":64,"column":0},"end":{"line":64,"column":5}},"64":{"start":{"line":65,"column":0},"end":{"line":65,"column":73}},"65":{"start":{"line":66,"column":0},"end":{"line":66,"column":1}},"67":{"start":{"line":68,"column":0},"end":{"line":68,"column":66}},"68":{"start":{"line":69,"column":0},"end":{"line":69,"column":87}},"69":{"start":{"line":70,"column":0},"end":{"line":70,"column":1}},"71":{"start":{"line":72,"column":0},"end":{"line":72,"column":60}},"72":{"start":{"line":73,"column":0},"end":{"line":73,"column":56}},"73":{"start":{"line":74,"column":0},"end":{"line":74,"column":1}},"75":{"start":{"line":76,"column":0},"end":{"line":76,"column":51}},"76":{"start":{"line":77,"column":0},"end":{"line":77,"column":50}},"77":{"start":{"line":78,"column":0},"end":{"line":78,"column":1}}},"s":{"0":1,"3":1,"4":212,"5":212,"6":212,"7":21,"8":21,"9":212,"10":4,"11":4,"12":179,"13":179,"14":179,"15":179,"17":1014,"18":1014,"19":1014,"21":1,"22":189,"23":189,"24":186,"25":186,"26":186,"27":186,"28":186,"29":186,"30":186,"31":186,"33":1,"34":30,"35":30,"36":30,"37":4,"38":4,"39":26,"40":30,"41":30,"42":26,"43":30,"44":11,"45":4,"46":4,"47":4,"48":11,"49":2,"50":2,"51":2,"52":11,"53":3,"54":3,"55":11,"56":30,"57":8,"58":3,"59":3,"60":8,"61":4,"62":4,"63":8,"64":26,"65":26,"67":1,"68":7,"69":7,"71":1,"72":18,"73":18,"75":1,"76":49,"77":49},"branchMap":{"0":{"type":"branch","line":4,"loc":{"start":{"line":4,"column":7},"end":{"line":16,"column":1}},"locations":[{"start":{"line":4,"column":7},"end":{"line":16,"column":1}}]},"1":{"type":"branch","line":6,"loc":{"start":{"line":6,"column":30},"end":{"line":6,"column":40}},"locations":[{"start":{"line":6,"column":30},"end":{"line":6,"column":40}}]},"2":{"type":"branch","line":6,"loc":{"start":{"line":6,"column":38},"end":{"line":7,"column":33}},"locations":[{"start":{"line":6,"column":38},"end":{"line":7,"column":33}}]},"3":{"type":"branch","line":7,"loc":{"start":{"line":7,"column":28},"end":{"line":7,"column":56}},"locations":[{"start":{"line":7,"column":28},"end":{"line":7,"column":56}}]},"4":{"type":"branch","line":7,"loc":{"start":{"line":7,"column":56},"end":{"line":9,"column":5}},"locations":[{"start":{"line":7,"column":56},"end":{"line":9,"column":5}}]},"5":{"type":"branch","line":9,"loc":{"start":{"line":9,"column":4},"end":{"line":10,"column":31}},"locations":[{"start":{"line":9,"column":4},"end":{"line":10,"column":31}}]},"6":{"type":"branch","line":10,"loc":{"start":{"line":10,"column":31},"end":{"line":12,"column":5}},"locations":[{"start":{"line":10,"column":31},"end":{"line":12,"column":5}}]},"7":{"type":"branch","line":12,"loc":{"start":{"line":12,"column":4},"end":{"line":16,"column":1}},"locations":[{"start":{"line":12,"column":4},"end":{"line":16,"column":1}}]},"8":{"type":"branch","line":8,"loc":{"start":{"line":8,"column":45},"end":{"line":8,"column":64}},"locations":[{"start":{"line":8,"column":45},"end":{"line":8,"column":64}}]},"9":{"type":"branch","line":8,"loc":{"start":{"line":8,"column":70},"end":{"line":8,"column":92}},"locations":[{"start":{"line":8,"column":70},"end":{"line":8,"column":92}}]},"10":{"type":"branch","line":11,"loc":{"start":{"line":11,"column":43},"end":{"line":11,"column":62}},"locations":[{"start":{"line":11,"column":43},"end":{"line":11,"column":62}}]},"11":{"type":"branch","line":11,"loc":{"start":{"line":11,"column":68},"end":{"line":11,"column":90}},"locations":[{"start":{"line":11,"column":68},"end":{"line":11,"column":90}}]},"12":{"type":"branch","line":15,"loc":{"start":{"line":15,"column":29},"end":{"line":15,"column":48}},"locations":[{"start":{"line":15,"column":29},"end":{"line":15,"column":48}}]},"13":{"type":"branch","line":15,"loc":{"start":{"line":15,"column":54},"end":{"line":15,"column":76}},"locations":[{"start":{"line":15,"column":54},"end":{"line":15,"column":76}}]},"14":{"type":"branch","line":18,"loc":{"start":{"line":18,"column":0},"end":{"line":20,"column":1}},"locations":[{"start":{"line":18,"column":0},"end":{"line":20,"column":1}}]},"15":{"type":"branch","line":19,"loc":{"start":{"line":19,"column":27},"end":{"line":19,"column":36}},"locations":[{"start":{"line":19,"column":27},"end":{"line":19,"column":36}}]},"16":{"type":"branch","line":22,"loc":{"start":{"line":22,"column":7},"end":{"line":32,"column":1}},"locations":[{"start":{"line":22,"column":7},"end":{"line":32,"column":1}}]},"17":{"type":"branch","line":24,"loc":{"start":{"line":24,"column":28},"end":{"line":24,"column":96}},"locations":[{"start":{"line":24,"column":28},"end":{"line":24,"column":96}}]},"18":{"type":"branch","line":24,"loc":{"start":{"line":24,"column":94},"end":{"line":32,"column":1}},"locations":[{"start":{"line":24,"column":94},"end":{"line":32,"column":1}}]},"19":{"type":"branch","line":34,"loc":{"start":{"line":34,"column":7},"end":{"line":66,"column":1}},"locations":[{"start":{"line":34,"column":7},"end":{"line":66,"column":1}}]},"20":{"type":"branch","line":37,"loc":{"start":{"line":37,"column":9},"end":{"line":37,"column":43}},"locations":[{"start":{"line":37,"column":9},"end":{"line":37,"column":43}}]},"21":{"type":"branch","line":37,"loc":{"start":{"line":37,"column":43},"end":{"line":39,"column":5}},"locations":[{"start":{"line":37,"column":43},"end":{"line":39,"column":5}}]},"22":{"type":"branch","line":39,"loc":{"start":{"line":39,"column":4},"end":{"line":41,"column":49}},"locations":[{"start":{"line":39,"column":4},"end":{"line":41,"column":49}}]},"23":{"type":"branch","line":41,"loc":{"start":{"line":41,"column":42},"end":{"line":41,"column":109}},"locations":[{"start":{"line":41,"column":42},"end":{"line":41,"column":109}}]},"24":{"type":"branch","line":41,"loc":{"start":{"line":41,"column":107},"end":{"line":42,"column":49}},"locations":[{"start":{"line":41,"column":107},"end":{"line":42,"column":49}}]},"25":{"type":"branch","line":42,"loc":{"start":{"line":42,"column":42},"end":{"line":42,"column":108}},"locations":[{"start":{"line":42,"column":42},"end":{"line":42,"column":108}}]},"26":{"type":"branch","line":42,"loc":{"start":{"line":42,"column":106},"end":{"line":44,"column":30}},"locations":[{"start":{"line":42,"column":106},"end":{"line":44,"column":30}}]},"27":{"type":"branch","line":44,"loc":{"start":{"line":44,"column":30},"end":{"line":56,"column":5}},"locations":[{"start":{"line":44,"column":30},"end":{"line":56,"column":5}}]},"28":{"type":"branch","line":45,"loc":{"start":{"line":45,"column":45},"end":{"line":48,"column":9}},"locations":[{"start":{"line":45,"column":45},"end":{"line":48,"column":9}}]},"29":{"type":"branch","line":49,"loc":{"start":{"line":49,"column":44},"end":{"line":52,"column":9}},"locations":[{"start":{"line":49,"column":44},"end":{"line":52,"column":9}}]},"30":{"type":"branch","line":53,"loc":{"start":{"line":53,"column":63},"end":{"line":55,"column":9}},"locations":[{"start":{"line":53,"column":63},"end":{"line":55,"column":9}}]},"31":{"type":"branch","line":56,"loc":{"start":{"line":56,"column":4},"end":{"line":57,"column":34}},"locations":[{"start":{"line":56,"column":4},"end":{"line":57,"column":34}}]},"32":{"type":"branch","line":57,"loc":{"start":{"line":57,"column":34},"end":{"line":64,"column":5}},"locations":[{"start":{"line":57,"column":34},"end":{"line":64,"column":5}}]},"33":{"type":"branch","line":58,"loc":{"start":{"line":58,"column":59},"end":{"line":60,"column":9}},"locations":[{"start":{"line":58,"column":59},"end":{"line":60,"column":9}}]},"34":{"type":"branch","line":61,"loc":{"start":{"line":61,"column":90},"end":{"line":63,"column":9}},"locations":[{"start":{"line":61,"column":90},"end":{"line":63,"column":9}}]},"35":{"type":"branch","line":64,"loc":{"start":{"line":64,"column":4},"end":{"line":66,"column":1}},"locations":[{"start":{"line":64,"column":4},"end":{"line":66,"column":1}}]},"36":{"type":"branch","line":68,"loc":{"start":{"line":68,"column":7},"end":{"line":70,"column":1}},"locations":[{"start":{"line":68,"column":7},"end":{"line":70,"column":1}}]},"37":{"type":"branch","line":72,"loc":{"start":{"line":72,"column":7},"end":{"line":74,"column":1}},"locations":[{"start":{"line":72,"column":7},"end":{"line":74,"column":1}}]},"38":{"type":"branch","line":76,"loc":{"start":{"line":76,"column":7},"end":{"line":78,"column":1}},"locations":[{"start":{"line":76,"column":7},"end":{"line":78,"column":1}}]}},"b":{"0":[212],"1":[8],"2":[204],"3":[186],"4":[21],"5":[183],"6":[4],"7":[179],"8":[47],"9":[45],"10":[8],"11":[8],"12":[385],"13":[385],"14":[1014],"15":[0],"16":[189],"17":[3],"18":[186],"19":[30],"20":[27],"21":[4],"22":[26],"23":[2],"24":[26],"25":[1],"26":[26],"27":[11],"28":[4],"29":[2],"30":[3],"31":[26],"32":[8],"33":[3],"34":[4],"35":[26],"36":[7],"37":[18],"38":[49]},"fnMap":{"0":{"name":"splitName","decl":{"start":{"line":4,"column":7},"end":{"line":16,"column":1}},"loc":{"start":{"line":4,"column":7},"end":{"line":16,"column":1}},"line":4},"1":{"name":"cap","decl":{"start":{"line":18,"column":0},"end":{"line":20,"column":1}},"loc":{"start":{"line":18,"column":0},"end":{"line":20,"column":1}},"line":18},"2":{"name":"generateNameVariants","decl":{"start":{"line":22,"column":7},"end":{"line":32,"column":1}},"loc":{"start":{"line":22,"column":7},"end":{"line":32,"column":1}},"line":22},"3":{"name":"validateName","decl":{"start":{"line":34,"column":7},"end":{"line":66,"column":1}},"loc":{"start":{"line":34,"column":7},"end":{"line":66,"column":1}},"line":34},"4":{"name":"toPsVerbNoun","decl":{"start":{"line":68,"column":7},"end":{"line":70,"column":1}},"loc":{"start":{"line":68,"column":7},"end":{"line":70,"column":1}},"line":68},"5":{"name":"toInterfaceName","decl":{"start":{"line":72,"column":7},"end":{"line":74,"column":1}},"loc":{"start":{"line":72,"column":7},"end":{"line":74,"column":1}},"line":72},"6":{"name":"toFieldName","decl":{"start":{"line":76,"column":7},"end":{"line":78,"column":1}},"loc":{"start":{"line":76,"column":7},"end":{"line":78,"column":1}},"line":76}},"f":{"0":212,"1":1014,"2":189,"3":30,"4":7,"5":18,"6":49}}
,"D:\\Dev\\project-scaffolder-mcp-server\\src\\services\\naming-service.ts": {"path":"D:\\Dev\\project-scaffolder-mcp-server\\src\\services\\naming-service.ts","all":false,"statementMap":{"0":{"start":{"line":1,"column":0},"end":{"line":1,"column":3}},"10":{"start":{"line":11,"column":0},"end":{"line":11,"column":28}},"12":{"start":{"line":13,"column":0},"end":{"line":13,"column":36}},"13":{"start":{"line":14,"column":0},"end":{"line":14,"column":32}},"14":{"start":{"line":15,"column":0},"end":{"line":15,"column":5}},"16":{"start":{"line":17,"column":0},"end":{"line":17,"column":45}},"17":{"start":{"line":18,"column":0},"end":{"line":18,"column":43}},"18":{"start":{"line":19,"column":0},"end":{"line":19,"column":5}},"20":{"start":{"line":21,"column":0},"end":{"line":21,"column":60}},"21":{"start":{"line":22,"column":0},"end":{"line":22,"column":48}},"22":{"start":{"line":23,"column":0},"end":{"line":23,"column":5}},"24":{"start":{"line":25,"column":0},"end":{"line":25,"column":57}},"25":{"start":{"line":26,"column":0},"end":{"line":26,"column":44}},"26":{"start":{"line":27,"column":0},"end":{"line":27,"column":5}},"28":{"start":{"line":29,"column":0},"end":{"line":29,"column":53}},"29":{"start":{"line":30,"column":0},"end":{"line":30,"column":45}},"30":{"start":{"line":31,"column":0},"end":{"line":31,"column":5}},"32":{"start":{"line":33,"column":0},"end":{"line":33,"column":54}},"33":{"start":{"line":34,"column":0},"end":{"line":34,"column":40}},"34":{"start":{"line":35,"column":0},"end":{"line":35,"column":5}},"36":{"start":{"line":37,"column":0},"end":{"line":37,"column":48}},"37":{"start":{"line":38,"column":0},"end":{"line":38,"column":42}},"38":{"start":{"line":39,"column":0},"end":{"line":39,"column":5}},"40":{"start":{"line":41,"column":0},"end":{"line":41,"column":39}},"41":{"start":{"line":42,"column":0},"end":{"line":42,"column":33}},"42":{"start":{"line":43,"column":0},"end":{"line":43,"column":5}},"43":{"start":{"line":44,"column":0},"end":{"line":44,"column":1}}},"s":{"0":1,"10":1,"12":1,"13":3,"14":3,"16":1,"17":4,"18":4,"20":1,"21":4,"22":4,"24":1,"25":5,"26":5,"28":1,"29":3,"30":3,"32":1,"33":2,"34":2,"36":1,"37":2,"38":2,"40":1,"41":2,"42":2,"43":1},"branchMap":{"0":{"type":"branch","line":13,"loc":{"start":{"line":13,"column":4},"end":{"line":15,"column":5}},"locations":[{"start":{"line":13,"column":4},"end":{"line":15,"column":5}}]},"1":{"type":"branch","line":17,"loc":{"start":{"line":17,"column":4},"end":{"line":19,"column":5}},"locations":[{"start":{"line":17,"column":4},"end":{"line":19,"column":5}}]},"2":{"type":"branch","line":21,"loc":{"start":{"line":21,"column":4},"end":{"line":23,"column":5}},"locations":[{"start":{"line":21,"column":4},"end":{"line":23,"column":5}}]},"3":{"type":"branch","line":25,"loc":{"start":{"line":25,"column":4},"end":{"line":27,"column":5}},"locations":[{"start":{"line":25,"column":4},"end":{"line":27,"column":5}}]},"4":{"type":"branch","line":29,"loc":{"start":{"line":29,"column":4},"end":{"line":31,"column":5}},"locations":[{"start":{"line":29,"column":4},"end":{"line":31,"column":5}}]},"5":{"type":"branch","line":33,"loc":{"start":{"line":33,"column":4},"end":{"line":35,"column":5}},"locations":[{"start":{"line":33,"column":4},"end":{"line":35,"column":5}}]},"6":{"type":"branch","line":37,"loc":{"start":{"line":37,"column":4},"end":{"line":39,"column":5}},"locations":[{"start":{"line":37,"column":4},"end":{"line":39,"column":5}}]},"7":{"type":"branch","line":41,"loc":{"start":{"line":41,"column":4},"end":{"line":43,"column":5}},"locations":[{"start":{"line":41,"column":4},"end":{"line":43,"column":5}}]}},"b":{"0":[3],"1":[4],"2":[4],"3":[5],"4":[3],"5":[2],"6":[2],"7":[2]},"fnMap":{"0":{"name":"split","decl":{"start":{"line":13,"column":4},"end":{"line":15,"column":5}},"loc":{"start":{"line":13,"column":4},"end":{"line":15,"column":5}},"line":13},"1":{"name":"toVariants","decl":{"start":{"line":17,"column":4},"end":{"line":19,"column":5}},"loc":{"start":{"line":17,"column":4},"end":{"line":19,"column":5}},"line":17},"2":{"name":"validatePsFunctionName","decl":{"start":{"line":21,"column":4},"end":{"line":23,"column":5}},"loc":{"start":{"line":21,"column":4},"end":{"line":23,"column":5}},"line":21},"3":{"name":"validateCsClassName","decl":{"start":{"line":25,"column":4},"end":{"line":27,"column":5}},"loc":{"start":{"line":25,"column":4},"end":{"line":27,"column":5}},"line":25},"4":{"name":"validateGeneral","decl":{"start":{"line":29,"column":4},"end":{"line":31,"column":5}},"loc":{"start":{"line":29,"column":4},"end":{"line":31,"column":5}},"line":29},"5":{"name":"toPsVerbNoun","decl":{"start":{"line":33,"column":4},"end":{"line":35,"column":5}},"loc":{"start":{"line":33,"column":4},"end":{"line":35,"column":5}},"line":33},"6":{"name":"toInterfaceName","decl":{"start":{"line":37,"column":4},"end":{"line":39,"column":5}},"loc":{"start":{"line":37,"column":4},"end":{"line":39,"column":5}},"line":37},"7":{"name":"toFieldName","decl":{"start":{"line":41,"column":4},"end":{"line":43,"column":5}},"loc":{"start":{"line":41,"column":4},"end":{"line":43,"column":5}},"line":41}},"f":{"0":3,"1":4,"2":4,"3":5,"4":3,"5":2,"6":2,"7":2}}
,"D:\\Dev\\project-scaffolder-mcp-server\\src\\services\\template-engine.ts": {"path":"D:\\Dev\\project-scaffolder-mcp-server\\src\\services\\template-engine.ts","all":false,"statementMap":{"0":{"start":{"line":1,"column":0},"end":{"line":1,"column":41}},"10":{"start":{"line":11,"column":0},"end":{"line":11,"column":48}},"11":{"start":{"line":12,"column":0},"end":{"line":12,"column":31}},"12":{"start":{"line":13,"column":0},"end":{"line":13,"column":32}},"13":{"start":{"line":14,"column":0},"end":{"line":14,"column":54}},"14":{"start":{"line":15,"column":0},"end":{"line":15,"column":65}},"15":{"start":{"line":16,"column":0},"end":{"line":16,"column":91}},"16":{"start":{"line":17,"column":0},"end":{"line":17,"column":60}},"17":{"start":{"line":18,"column":0},"end":{"line":18,"column":52}},"18":{"start":{"line":19,"column":0},"end":{"line":19,"column":94}},"19":{"start":{"line":20,"column":0},"end":{"line":20,"column":5}},"20":{"start":{"line":21,"column":0},"end":{"line":21,"column":61}},"21":{"start":{"line":22,"column":0},"end":{"line":22,"column":54}},"22":{"start":{"line":23,"column":0},"end":{"line":23,"column":28}},"23":{"start":{"line":24,"column":0},"end":{"line":24,"column":1}},"25":{"start":{"line":26,"column":0},"end":{"line":26,"column":49}},"26":{"start":{"line":27,"column":0},"end":{"line":27,"column":64}},"27":{"start":{"line":28,"column":0},"end":{"line":28,"column":71}},"28":{"start":{"line":29,"column":0},"end":{"line":29,"column":33}},"31":{"start":{"line":32,"column":0},"end":{"line":32,"column":25}},"33":{"start":{"line":34,"column":0},"end":{"line":34,"column":25}},"35":{"start":{"line":36,"column":0},"end":{"line":36,"column":26}},"36":{"start":{"line":37,"column":0},"end":{"line":37,"column":36}},"38":{"start":{"line":39,"column":0},"end":{"line":39,"column":9}},"40":{"start":{"line":41,"column":0},"end":{"line":41,"column":49}},"43":{"start":{"line":44,"column":0},"end":{"line":44,"column":89}},"45":{"start":{"line":46,"column":0},"end":{"line":46,"column":72}},"49":{"start":{"line":50,"column":0},"end":{"line":50,"column":48}},"51":{"start":{"line":52,"column":0},"end":{"line":52,"column":1}},"53":{"start":{"line":54,"column":0},"end":{"line":54,"column":74}},"54":{"start":{"line":55,"column":0},"end":{"line":55,"column":79}},"55":{"start":{"line":56,"column":0},"end":{"line":56,"column":69}},"56":{"start":{"line":57,"column":0},"end":{"line":57,"column":61}},"57":{"start":{"line":58,"column":0},"end":{"line":58,"column":14}},"58":{"start":{"line":59,"column":0},"end":{"line":59,"column":41}},"59":{"start":{"line":60,"column":0},"end":{"line":60,"column":43}},"60":{"start":{"line":61,"column":0},"end":{"line":61,"column":41}},"61":{"start":{"line":62,"column":0},"end":{"line":62,"column":42}},"62":{"start":{"line":63,"column":0},"end":{"line":63,"column":47}},"64":{"start":{"line":65,"column":0},"end":{"line":65,"column":34}},"66":{"start":{"line":67,"column":0},"end":{"line":67,"column":14}},"72":{"start":{"line":73,"column":0},"end":{"line":73,"column":56}},"75":{"start":{"line":76,"column":0},"end":{"line":76,"column":1}},"77":{"start":{"line":78,"column":0},"end":{"line":78,"column":72}},"78":{"start":{"line":79,"column":0},"end":{"line":79,"column":50}},"79":{"start":{"line":80,"column":0},"end":{"line":80,"column":78}},"80":{"start":{"line":81,"column":0},"end":{"line":81,"column":222}},"81":{"start":{"line":82,"column":0},"end":{"line":82,"column":19}},"82":{"start":{"line":83,"column":0},"end":{"line":83,"column":180}},"83":{"start":{"line":84,"column":0},"end":{"line":84,"column":18}},"84":{"start":{"line":85,"column":0},"end":{"line":85,"column":95}},"85":{"start":{"line":86,"column":0},"end":{"line":86,"column":30}},"86":{"start":{"line":87,"column":0},"end":{"line":87,"column":87}},"88":{"start":{"line":89,"column":0},"end":{"line":89,"column":78}},"89":{"start":{"line":90,"column":0},"end":{"line":90,"column":1}},"91":{"start":{"line":92,"column":0},"end":{"line":92,"column":74}},"92":{"start":{"line":93,"column":0},"end":{"line":93,"column":9}},"93":{"start":{"line":94,"column":0},"end":{"line":94,"column":42}},"94":{"start":{"line":95,"column":0},"end":{"line":95,"column":134}},"95":{"start":{"line":96,"column":0},"end":{"line":96,"column":68}},"96":{"start":{"line":97,"column":0},"end":{"line":97,"column":83}},"97":{"start":{"line":98,"column":0},"end":{"line":98,"column":97}},"98":{"start":{"line":99,"column":0},"end":{"line":99,"column":164}},"99":{"start":{"line":100,"column":0},"end":{"line":100,"column":161}},"100":{"start":{"line":101,"column":0},"end":{"line":101,"column":167}},"101":{"start":{"line":102,"column":0},"end":{"line":102,"column":139}},"102":{"start":{"line":103,"column":0},"end":{"line":103,"column":28}},"103":{"start":{"line":104,"column":0},"end":{"line":104,"column":118}},"104":{"start":{"line":105,"column":0},"end":{"line":105,"column":5}},"105":{"start":{"line":106,"column":0},"end":{"line":106,"column":1}},"107":{"start":{"line":108,"column":0},"end":{"line":108,"column":80}},"108":{"start":{"line":109,"column":0},"end":{"line":109,"column":9}},"109":{"start":{"line":110,"column":0},"end":{"line":110,"column":42}},"110":{"start":{"line":111,"column":0},"end":{"line":111,"column":67}},"111":{"start":{"line":112,"column":0},"end":{"line":112,"column":57}},"112":{"start":{"line":113,"column":0},"end":{"line":113,"column":86}},"113":{"start":{"line":114,"column":0},"end":{"line":114,"column":60}},"114":{"start":{"line":115,"column":0},"end":{"line":115,"column":159}},"115":{"start":{"line":116,"column":0},"end":{"line":116,"column":86}},"116":{"start":{"line":117,"column":0},"end":{"line":117,"column":98}},"117":{"start":{"line":118,"column":0},"end":{"line":118,"column":128}},"118":{"start":{"line":119,"column":0},"end":{"line":119,"column":123}},"119":{"start":{"line":120,"column":0},"end":{"line":120,"column":207}},"120":{"start":{"line":121,"column":0},"end":{"line":121,"column":52}},"121":{"start":{"line":122,"column":0},"end":{"line":122,"column":34}},"122":{"start":{"line":123,"column":0},"end":{"line":123,"column":72}},"123":{"start":{"line":124,"column":0},"end":{"line":124,"column":119}},"124":{"start":{"line":125,"column":0},"end":{"line":125,"column":13}},"125":{"start":{"line":126,"column":0},"end":{"line":126,"column":43}},"126":{"start":{"line":127,"column":0},"end":{"line":127,"column":67}},"127":{"start":{"line":128,"column":0},"end":{"line":128,"column":125}},"128":{"start":{"line":129,"column":0},"end":{"line":129,"column":24}},"129":{"start":{"line":130,"column":0},"end":{"line":130,"column":49}},"130":{"start":{"line":131,"column":0},"end":{"line":131,"column":49}},"131":{"start":{"line":132,"column":0},"end":{"line":132,"column":51}},"132":{"start":{"line":133,"column":0},"end":{"line":133,"column":77}},"133":{"start":{"line":134,"column":0},"end":{"line":134,"column":145}},"134":{"start":{"line":135,"column":0},"end":{"line":135,"column":245}},"135":{"start":{"line":136,"column":0},"end":{"line":136,"column":24}},"136":{"start":{"line":137,"column":0},"end":{"line":137,"column":86}},"137":{"start":{"line":138,"column":0},"end":{"line":138,"column":314}},"138":{"start":{"line":139,"column":0},"end":{"line":139,"column":167}},"139":{"start":{"line":140,"column":0},"end":{"line":140,"column":28}},"140":{"start":{"line":141,"column":0},"end":{"line":141,"column":118}},"141":{"start":{"line":142,"column":0},"end":{"line":142,"column":5}},"142":{"start":{"line":143,"column":0},"end":{"line":143,"column":1}},"144":{"start":{"line":145,"column":0},"end":{"line":145,"column":76}},"145":{"start":{"line":146,"column":0},"end":{"line":146,"column":9}},"146":{"start":{"line":147,"column":0},"end":{"line":147,"column":42}},"147":{"start":{"line":148,"column":0},"end":{"line":148,"column":65}},"148":{"start":{"line":149,"column":0},"end":{"line":149,"column":57}},"149":{"start":{"line":150,"column":0},"end":{"line":150,"column":82}},"150":{"start":{"line":151,"column":0},"end":{"line":151,"column":66}},"152":{"start":{"line":153,"column":0},"end":{"line":153,"column":52}},"153":{"start":{"line":154,"column":0},"end":{"line":154,"column":74}},"154":{"start":{"line":155,"column":0},"end":{"line":155,"column":153}},"155":{"start":{"line":156,"column":0},"end":{"line":156,"column":94}},"156":{"start":{"line":157,"column":0},"end":{"line":157,"column":24}},"157":{"start":{"line":158,"column":0},"end":{"line":158,"column":208}},"159":{"start":{"line":160,"column":0},"end":{"line":160,"column":74}},"160":{"start":{"line":161,"column":0},"end":{"line":161,"column":86}},"161":{"start":{"line":162,"column":0},"end":{"line":162,"column":115}},"162":{"start":{"line":163,"column":0},"end":{"line":163,"column":93}},"163":{"start":{"line":164,"column":0},"end":{"line":164,"column":110}},"164":{"start":{"line":165,"column":0},"end":{"line":165,"column":69}},"165":{"start":{"line":166,"column":0},"end":{"line":166,"column":194}},"166":{"start":{"line":167,"column":0},"end":{"line":167,"column":124}},"167":{"start":{"line":168,"column":0},"end":{"line":168,"column":50}},"168":{"start":{"line":169,"column":0},"end":{"line":169,"column":49}},"169":{"start":{"line":170,"column":0},"end":{"line":170,"column":74}},"170":{"start":{"line":171,"column":0},"end":{"line":171,"column":153}},"171":{"start":{"line":172,"column":0},"end":{"line":172,"column":175}},"172":{"start":{"line":173,"column":0},"end":{"line":173,"column":24}},"173":{"start":{"line":174,"column":0},"end":{"line":174,"column":84}},"174":{"start":{"line":175,"column":0},"end":{"line":175,"column":272}},"176":{"start":{"line":177,"column":0},"end":{"line":177,"column":148}},"178":{"start":{"line":179,"column":0},"end":{"line":179,"column":34}},"179":{"start":{"line":180,"column":0},"end":{"line":180,"column":56}},"180":{"start":{"line":181,"column":0},"end":{"line":181,"column":61}},"181":{"start":{"line":182,"column":0},"end":{"line":182,"column":53}},"182":{"start":{"line":183,"column":0},"end":{"line":183,"column":87}},"183":{"start":{"line":184,"column":0},"end":{"line":184,"column":38}},"184":{"start":{"line":185,"column":0},"end":{"line":185,"column":104}},"185":{"start":{"line":186,"column":0},"end":{"line":186,"column":94}},"186":{"start":{"line":187,"column":0},"end":{"line":187,"column":162}},"187":{"start":{"line":188,"column":0},"end":{"line":188,"column":28}},"188":{"start":{"line":189,"column":0},"end":{"line":189,"column":90}},"189":{"start":{"line":190,"column":0},"end":{"line":190,"column":188}},"190":{"start":{"line":191,"column":0},"end":{"line":191,"column":9}},"191":{"start":{"line":192,"column":0},"end":{"line":192,"column":150}},"192":{"start":{"line":193,"column":0},"end":{"line":193,"column":28}},"193":{"start":{"line":194,"column":0},"end":{"line":194,"column":118}},"194":{"start":{"line":195,"column":0},"end":{"line":195,"column":5}},"195":{"start":{"line":196,"column":0},"end":{"line":196,"column":1}},"197":{"start":{"line":198,"column":0},"end":{"line":198,"column":70}},"198":{"start":{"line":199,"column":0},"end":{"line":199,"column":9}},"199":{"start":{"line":200,"column":0},"end":{"line":200,"column":178}},"200":{"start":{"line":201,"column":0},"end":{"line":201,"column":73}},"201":{"start":{"line":202,"column":0},"end":{"line":202,"column":77}},"202":{"start":{"line":203,"column":0},"end":{"line":203,"column":87}},"203":{"start":{"line":204,"column":0},"end":{"line":204,"column":90}},"204":{"start":{"line":205,"column":0},"end":{"line":205,"column":335}},"205":{"start":{"line":206,"column":0},"end":{"line":206,"column":176}},"206":{"start":{"line":207,"column":0},"end":{"line":207,"column":28}},"207":{"start":{"line":208,"column":0},"end":{"line":208,"column":118}},"208":{"start":{"line":209,"column":0},"end":{"line":209,"column":5}},"209":{"start":{"line":210,"column":0},"end":{"line":210,"column":1}},"211":{"start":{"line":212,"column":0},"end":{"line":212,"column":76}},"212":{"start":{"line":213,"column":0},"end":{"line":213,"column":9}},"213":{"start":{"line":214,"column":0},"end":{"line":214,"column":38}},"214":{"start":{"line":215,"column":0},"end":{"line":215,"column":113}},"215":{"start":{"line":216,"column":0},"end":{"line":216,"column":119}},"216":{"start":{"line":217,"column":0},"end":{"line":217,"column":113}},"217":{"start":{"line":218,"column":0},"end":{"line":218,"column":128}},"218":{"start":{"line":219,"column":0},"end":{"line":219,"column":119}},"219":{"start":{"line":220,"column":0},"end":{"line":220,"column":365}},"220":{"start":{"line":221,"column":0},"end":{"line":221,"column":201}},"221":{"start":{"line":222,"column":0},"end":{"line":222,"column":28}},"222":{"start":{"line":223,"column":0},"end":{"line":223,"column":118}},"223":{"start":{"line":224,"column":0},"end":{"line":224,"column":5}},"224":{"start":{"line":225,"column":0},"end":{"line":225,"column":1}},"226":{"start":{"line":227,"column":0},"end":{"line":227,"column":78}},"227":{"start":{"line":228,"column":0},"end":{"line":228,"column":41}},"228":{"start":{"line":229,"column":0},"end":{"line":229,"column":35}},"229":{"start":{"line":230,"column":0},"end":{"line":230,"column":35}},"230":{"start":{"line":231,"column":0},"end":{"line":231,"column":39}},"231":{"start":{"line":232,"column":0},"end":{"line":232,"column":71}},"232":{"start":{"line":233,"column":0},"end":{"line":233,"column":92}},"233":{"start":{"line":234,"column":0},"end":{"line":234,"column":101}},"234":{"start":{"line":235,"column":0},"end":{"line":235,"column":99}},"235":{"start":{"line":236,"column":0},"end":{"line":236,"column":59}},"236":{"start":{"line":237,"column":0},"end":{"line":237,"column":7}},"237":{"start":{"line":238,"column":0},"end":{"line":238,"column":138}},"238":{"start":{"line":239,"column":0},"end":{"line":239,"column":39}},"239":{"start":{"line":240,"column":0},"end":{"line":240,"column":46}},"240":{"start":{"line":241,"column":0},"end":{"line":241,"column":124}},"241":{"start":{"line":242,"column":0},"end":{"line":242,"column":141}},"242":{"start":{"line":243,"column":0},"end":{"line":243,"column":105}},"243":{"start":{"line":244,"column":0},"end":{"line":244,"column":138}},"244":{"start":{"line":245,"column":0},"end":{"line":245,"column":77}},"245":{"start":{"line":246,"column":0},"end":{"line":246,"column":11}},"246":{"start":{"line":247,"column":0},"end":{"line":247,"column":142}},"247":{"start":{"line":248,"column":0},"end":{"line":248,"column":5}},"248":{"start":{"line":249,"column":0},"end":{"line":249,"column":37}},"249":{"start":{"line":250,"column":0},"end":{"line":250,"column":45}},"250":{"start":{"line":251,"column":0},"end":{"line":251,"column":103}},"251":{"start":{"line":252,"column":0},"end":{"line":252,"column":144}},"252":{"start":{"line":253,"column":0},"end":{"line":253,"column":111}},"253":{"start":{"line":254,"column":0},"end":{"line":254,"column":120}},"254":{"start":{"line":255,"column":0},"end":{"line":255,"column":64}},"255":{"start":{"line":256,"column":0},"end":{"line":256,"column":11}},"256":{"start":{"line":257,"column":0},"end":{"line":257,"column":146}},"257":{"start":{"line":258,"column":0},"end":{"line":258,"column":5}},"258":{"start":{"line":259,"column":0},"end":{"line":259,"column":31}},"259":{"start":{"line":260,"column":0},"end":{"line":260,"column":442}},"260":{"start":{"line":261,"column":0},"end":{"line":261,"column":83}},"261":{"start":{"line":262,"column":0},"end":{"line":262,"column":5}},"262":{"start":{"line":263,"column":0},"end":{"line":263,"column":34}},"263":{"start":{"line":264,"column":0},"end":{"line":264,"column":299}},"264":{"start":{"line":265,"column":0},"end":{"line":265,"column":83}},"265":{"start":{"line":266,"column":0},"end":{"line":266,"column":5}},"266":{"start":{"line":267,"column":0},"end":{"line":267,"column":114}},"267":{"start":{"line":268,"column":0},"end":{"line":268,"column":1}}},"s":{"0":1,"10":36,"11":36,"12":36,"13":36,"14":36,"15":36,"16":36,"17":36,"18":1,"19":1,"20":36,"21":36,"22":36,"23":36,"25":41,"26":41,"27":41,"28":41,"31":41,"33":41,"35":41,"36":41,"38":41,"40":41,"43":41,"45":41,"49":41,"51":41,"53":30,"54":30,"55":30,"56":30,"57":30,"58":30,"59":30,"60":30,"61":30,"62":30,"64":30,"66":30,"72":30,"75":30,"77":29,"78":29,"79":38,"80":22,"81":38,"82":38,"83":29,"84":29,"85":29,"86":29,"88":29,"89":29,"91":1,"92":33,"93":33,"94":33,"95":33,"96":33,"97":33,"98":33,"99":33,"100":33,"101":33,"102":33,"103":0,"104":0,"105":33,"107":1,"108":32,"109":32,"110":32,"111":32,"112":32,"113":32,"114":32,"115":32,"116":32,"117":32,"118":32,"119":32,"120":32,"121":43,"122":1,"123":1,"124":1,"125":42,"126":43,"127":43,"128":32,"129":32,"130":30,"131":30,"132":30,"133":30,"134":30,"135":32,"136":32,"137":32,"138":32,"139":32,"140":0,"141":0,"142":32,"144":1,"145":34,"146":34,"147":34,"148":34,"149":34,"150":34,"152":34,"153":39,"154":39,"155":39,"156":34,"157":34,"159":34,"160":34,"161":34,"162":34,"163":34,"164":34,"165":34,"166":34,"167":34,"168":39,"169":39,"170":39,"171":39,"172":34,"173":34,"174":34,"176":34,"178":34,"179":29,"180":33,"181":33,"182":33,"183":33,"184":32,"185":1,"186":33,"187":29,"188":29,"189":29,"190":29,"191":34,"192":34,"193":0,"194":0,"195":34,"197":1,"198":23,"199":23,"200":23,"201":23,"202":23,"203":23,"204":23,"205":23,"206":23,"207":0,"208":0,"209":23,"211":1,"212":26,"213":26,"214":26,"215":26,"216":26,"217":26,"218":26,"219":26,"220":26,"221":26,"222":0,"223":0,"224":26,"226":1,"227":14,"228":14,"229":14,"230":14,"231":14,"232":14,"233":14,"234":14,"235":14,"236":14,"237":14,"238":14,"239":13,"240":13,"241":13,"242":13,"243":13,"244":13,"245":13,"246":13,"247":13,"248":14,"249":13,"250":13,"251":13,"252":13,"253":13,"254":13,"255":13,"256":13,"257":13,"258":14,"259":12,"260":12,"261":12,"262":14,"263":12,"264":12,"265":12,"266":14,"267":14},"branchMap":{"0":{"type":"branch","line":11,"loc":{"start":{"line":11,"column":0},"end":{"line":24,"column":1}},"locations":[{"start":{"line":11,"column":0},"end":{"line":24,"column":1}}]},"1":{"type":"branch","line":14,"loc":{"start":{"line":14,"column":21},"end":{"line":14,"column":54}},"locations":[{"start":{"line":14,"column":21},"end":{"line":14,"column":54}}]},"2":{"type":"branch","line":16,"loc":{"start":{"line":16,"column":23},"end":{"line":16,"column":91}},"locations":[{"start":{"line":16,"column":23},"end":{"line":16,"column":91}}]},"3":{"type":"branch","line":18,"loc":{"start":{"line":18,"column":10},"end":{"line":18,"column":51}},"locations":[{"start":{"line":18,"column":10},"end":{"line":18,"column":51}}]},"4":{"type":"branch","line":18,"loc":{"start":{"line":18,"column":51},"end":{"line":20,"column":5}},"locations":[{"start":{"line":18,"column":51},"end":{"line":20,"column":5}}]},"5":{"type":"branch","line":21,"loc":{"start":{"line":21,"column":18},"end":{"line":21,"column":58}},"locations":[{"start":{"line":21,"column":18},"end":{"line":21,"column":58}}]},"6":{"type":"branch","line":21,"loc":{"start":{"line":21,"column":53},"end":{"line":21,"column":61}},"locations":[{"start":{"line":21,"column":53},"end":{"line":21,"column":61}}]},"7":{"type":"branch","line":19,"loc":{"start":{"line":19,"column":61},"end":{"line":19,"column":76}},"locations":[{"start":{"line":19,"column":61},"end":{"line":19,"column":76}}]},"8":{"type":"branch","line":26,"loc":{"start":{"line":26,"column":0},"end":{"line":52,"column":1}},"locations":[{"start":{"line":26,"column":0},"end":{"line":52,"column":1}}]},"9":{"type":"branch","line":28,"loc":{"start":{"line":28,"column":18},"end":{"line":28,"column":68}},"locations":[{"start":{"line":28,"column":18},"end":{"line":28,"column":68}}]},"10":{"type":"branch","line":28,"loc":{"start":{"line":28,"column":42},"end":{"line":28,"column":71}},"locations":[{"start":{"line":28,"column":42},"end":{"line":28,"column":71}}]},"11":{"type":"branch","line":54,"loc":{"start":{"line":54,"column":0},"end":{"line":76,"column":1}},"locations":[{"start":{"line":54,"column":0},"end":{"line":76,"column":1}}]},"12":{"type":"branch","line":55,"loc":{"start":{"line":55,"column":37},"end":{"line":55,"column":57}},"locations":[{"start":{"line":55,"column":37},"end":{"line":55,"column":57}}]},"13":{"type":"branch","line":56,"loc":{"start":{"line":56,"column":41},"end":{"line":56,"column":56}},"locations":[{"start":{"line":56,"column":41},"end":{"line":56,"column":56}}]},"14":{"type":"branch","line":57,"loc":{"start":{"line":57,"column":33},"end":{"line":57,"column":48}},"locations":[{"start":{"line":57,"column":33},"end":{"line":57,"column":48}}]},"15":{"type":"branch","line":78,"loc":{"start":{"line":78,"column":0},"end":{"line":90,"column":1}},"locations":[{"start":{"line":78,"column":0},"end":{"line":90,"column":1}}]},"16":{"type":"branch","line":79,"loc":{"start":{"line":79,"column":41},"end":{"line":84,"column":5}},"locations":[{"start":{"line":79,"column":41},"end":{"line":84,"column":5}}]},"17":{"type":"branch","line":80,"loc":{"start":{"line":80,"column":48},"end":{"line":80,"column":66}},"locations":[{"start":{"line":80,"column":48},"end":{"line":80,"column":66}}]},"18":{"type":"branch","line":80,"loc":{"start":{"line":80,"column":72},"end":{"line":81,"column":222}},"locations":[{"start":{"line":80,"column":72},"end":{"line":81,"column":222}}]},"19":{"type":"branch","line":92,"loc":{"start":{"line":92,"column":7},"end":{"line":106,"column":1}},"locations":[{"start":{"line":92,"column":7},"end":{"line":106,"column":1}}]},"20":{"type":"branch","line":95,"loc":{"start":{"line":95,"column":68},"end":{"line":95,"column":92}},"locations":[{"start":{"line":95,"column":68},"end":{"line":95,"column":92}}]},"21":{"type":"branch","line":95,"loc":{"start":{"line":95,"column":79},"end":{"line":95,"column":134}},"locations":[{"start":{"line":95,"column":79},"end":{"line":95,"column":134}}]},"22":{"type":"branch","line":100,"loc":{"start":{"line":100,"column":36},"end":{"line":100,"column":161}},"locations":[{"start":{"line":100,"column":36},"end":{"line":100,"column":161}}]},"23":{"type":"branch","line":101,"loc":{"start":{"line":101,"column":33},"end":{"line":101,"column":167}},"locations":[{"start":{"line":101,"column":33},"end":{"line":101,"column":167}}]},"24":{"type":"branch","line":103,"loc":{"start":{"line":103,"column":4},"end":{"line":105,"column":5}},"locations":[{"start":{"line":103,"column":4},"end":{"line":105,"column":5}}]},"25":{"type":"branch","line":97,"loc":{"start":{"line":97,"column":45},"end":{"line":97,"column":65}},"locations":[{"start":{"line":97,"column":45},"end":{"line":97,"column":65}}]},"26":{"type":"branch","line":108,"loc":{"start":{"line":108,"column":7},"end":{"line":143,"column":1}},"locations":[{"start":{"line":108,"column":7},"end":{"line":143,"column":1}}]},"27":{"type":"branch","line":111,"loc":{"start":{"line":111,"column":26},"end":{"line":111,"column":67}},"locations":[{"start":{"line":111,"column":26},"end":{"line":111,"column":67}}]},"28":{"type":"branch","line":113,"loc":{"start":{"line":113,"column":48},"end":{"line":113,"column":63}},"locations":[{"start":{"line":113,"column":48},"end":{"line":113,"column":63}}]},"29":{"type":"branch","line":113,"loc":{"start":{"line":113,"column":54},"end":{"line":113,"column":86}},"locations":[{"start":{"line":113,"column":54},"end":{"line":113,"column":86}}]},"30":{"type":"branch","line":114,"loc":{"start":{"line":114,"column":28},"end":{"line":114,"column":60}},"locations":[{"start":{"line":114,"column":28},"end":{"line":114,"column":60}}]},"31":{"type":"branch","line":116,"loc":{"start":{"line":116,"column":38},"end":{"line":116,"column":86}},"locations":[{"start":{"line":116,"column":38},"end":{"line":116,"column":86}}]},"32":{"type":"branch","line":117,"loc":{"start":{"line":117,"column":38},"end":{"line":117,"column":98}},"locations":[{"start":{"line":117,"column":38},"end":{"line":117,"column":98}}]},"33":{"type":"branch","line":140,"loc":{"start":{"line":140,"column":4},"end":{"line":142,"column":5}},"locations":[{"start":{"line":140,"column":4},"end":{"line":142,"column":5}}]},"34":{"type":"branch","line":118,"loc":{"start":{"line":118,"column":51},"end":{"line":118,"column":115}},"locations":[{"start":{"line":118,"column":51},"end":{"line":118,"column":115}}]},"35":{"type":"branch","line":119,"loc":{"start":{"line":119,"column":50},"end":{"line":119,"column":110}},"locations":[{"start":{"line":119,"column":50},"end":{"line":119,"column":110}}]},"36":{"type":"branch","line":120,"loc":{"start":{"line":120,"column":50},"end":{"line":120,"column":194}},"locations":[{"start":{"line":120,"column":50},"end":{"line":120,"column":194}}]},"37":{"type":"branch","line":121,"loc":{"start":{"line":121,"column":44},"end":{"line":129,"column":9}},"locations":[{"start":{"line":121,"column":44},"end":{"line":129,"column":9}}]},"38":{"type":"branch","line":122,"loc":{"start":{"line":122,"column":33},"end":{"line":125,"column":13}},"locations":[{"start":{"line":122,"column":33},"end":{"line":125,"column":13}}]},"39":{"type":"branch","line":123,"loc":{"start":{"line":123,"column":63},"end":{"line":123,"column":72}},"locations":[{"start":{"line":123,"column":63},"end":{"line":123,"column":72}}]},"40":{"type":"branch","line":125,"loc":{"start":{"line":125,"column":12},"end":{"line":127,"column":39}},"locations":[{"start":{"line":125,"column":12},"end":{"line":127,"column":39}}]},"41":{"type":"branch","line":127,"loc":{"start":{"line":127,"column":24},"end":{"line":127,"column":64}},"locations":[{"start":{"line":127,"column":24},"end":{"line":127,"column":64}}]},"42":{"type":"branch","line":127,"loc":{"start":{"line":127,"column":59},"end":{"line":127,"column":67}},"locations":[{"start":{"line":127,"column":59},"end":{"line":127,"column":67}}]},"43":{"type":"branch","line":130,"loc":{"start":{"line":130,"column":41},"end":{"line":136,"column":9}},"locations":[{"start":{"line":130,"column":41},"end":{"line":136,"column":9}}]},"44":{"type":"branch","line":131,"loc":{"start":{"line":131,"column":25},"end":{"line":131,"column":46}},"locations":[{"start":{"line":131,"column":25},"end":{"line":131,"column":46}}]},"45":{"type":"branch","line":131,"loc":{"start":{"line":131,"column":35},"end":{"line":131,"column":49}},"locations":[{"start":{"line":131,"column":35},"end":{"line":131,"column":49}}]},"46":{"type":"branch","line":132,"loc":{"start":{"line":132,"column":25},"end":{"line":132,"column":44}},"locations":[{"start":{"line":132,"column":25},"end":{"line":132,"column":44}}]},"47":{"type":"branch","line":132,"loc":{"start":{"line":132,"column":35},"end":{"line":132,"column":51}},"locations":[{"start":{"line":132,"column":35},"end":{"line":132,"column":51}}]},"48":{"type":"branch","line":133,"loc":{"start":{"line":133,"column":25},"end":{"line":133,"column":74}},"locations":[{"start":{"line":133,"column":25},"end":{"line":133,"column":74}}]},"49":{"type":"branch","line":133,"loc":{"start":{"line":133,"column":59},"end":{"line":133,"column":77}},"locations":[{"start":{"line":133,"column":59},"end":{"line":133,"column":77}}]},"50":{"type":"branch","line":134,"loc":{"start":{"line":134,"column":25},"end":{"line":134,"column":142}},"locations":[{"start":{"line":134,"column":25},"end":{"line":134,"column":142}}]},"51":{"type":"branch","line":134,"loc":{"start":{"line":134,"column":136},"end":{"line":134,"column":145}},"locations":[{"start":{"line":134,"column":136},"end":{"line":134,"column":145}}]},"52":{"type":"branch","line":145,"loc":{"start":{"line":145,"column":7},"end":{"line":196,"column":1}},"locations":[{"start":{"line":145,"column":7},"end":{"line":196,"column":1}}]},"53":{"type":"branch","line":148,"loc":{"start":{"line":148,"column":26},"end":{"line":148,"column":65}},"locations":[{"start":{"line":148,"column":26},"end":{"line":148,"column":65}}]},"54":{"type":"branch","line":150,"loc":{"start":{"line":150,"column":46},"end":{"line":150,"column":61}},"locations":[{"start":{"line":150,"column":46},"end":{"line":150,"column":61}}]},"55":{"type":"branch","line":150,"loc":{"start":{"line":150,"column":52},"end":{"line":150,"column":82}},"locations":[{"start":{"line":150,"column":52},"end":{"line":150,"column":82}}]},"56":{"type":"branch","line":151,"loc":{"start":{"line":151,"column":29},"end":{"line":151,"column":66}},"locations":[{"start":{"line":151,"column":29},"end":{"line":151,"column":66}}]},"57":{"type":"branch","line":161,"loc":{"start":{"line":161,"column":35},"end":{"line":161,"column":86}},"locations":[{"start":{"line":161,"column":35},"end":{"line":161,"column":86}}]},"58":{"type":"branch","line":163,"loc":{"start":{"line":163,"column":35},"end":{"line":163,"column":93}},"locations":[{"start":{"line":163,"column":35},"end":{"line":163,"column":93}}]},"59":{"type":"branch","line":165,"loc":{"start":{"line":165,"column":35},"end":{"line":165,"column":69}},"locations":[{"start":{"line":165,"column":35},"end":{"line":165,"column":69}}]},"60":{"type":"branch","line":167,"loc":{"start":{"line":167,"column":35},"end":{"line":167,"column":124}},"locations":[{"start":{"line":167,"column":35},"end":{"line":167,"column":124}}]},"61":{"type":"branch","line":179,"loc":{"start":{"line":179,"column":33},"end":{"line":191,"column":9}},"locations":[{"start":{"line":179,"column":33},"end":{"line":191,"column":9}}]},"62":{"type":"branch","line":193,"loc":{"start":{"line":193,"column":4},"end":{"line":195,"column":5}},"locations":[{"start":{"line":193,"column":4},"end":{"line":195,"column":5}}]},"63":{"type":"branch","line":153,"loc":{"start":{"line":153,"column":44},"end":{"line":157,"column":9}},"locations":[{"start":{"line":153,"column":44},"end":{"line":157,"column":9}}]},"64":{"type":"branch","line":154,"loc":{"start":{"line":154,"column":25},"end":{"line":154,"column":61}},"locations":[{"start":{"line":154,"column":25},"end":{"line":154,"column":61}}]},"65":{"type":"branch","line":154,"loc":{"start":{"line":154,"column":55},"end":{"line":154,"column":74}},"locations":[{"start":{"line":154,"column":55},"end":{"line":154,"column":74}}]},"66":{"type":"branch","line":155,"loc":{"start":{"line":155,"column":40},"end":{"line":155,"column":140}},"locations":[{"start":{"line":155,"column":40},"end":{"line":155,"column":140}}]},"67":{"type":"branch","line":155,"loc":{"start":{"line":155,"column":61},"end":{"line":155,"column":101}},"locations":[{"start":{"line":155,"column":61},"end":{"line":155,"column":101}}]},"68":{"type":"branch","line":155,"loc":{"start":{"line":155,"column":96},"end":{"line":155,"column":105}},"locations":[{"start":{"line":155,"column":96},"end":{"line":155,"column":105}}]},"69":{"type":"branch","line":162,"loc":{"start":{"line":162,"column":49},"end":{"line":162,"column":113}},"locations":[{"start":{"line":162,"column":49},"end":{"line":162,"column":113}}]},"70":{"type":"branch","line":164,"loc":{"start":{"line":164,"column":48},"end":{"line":164,"column":108}},"locations":[{"start":{"line":164,"column":48},"end":{"line":164,"column":108}}]},"71":{"type":"branch","line":166,"loc":{"start":{"line":166,"column":48},"end":{"line":166,"column":192}},"locations":[{"start":{"line":166,"column":48},"end":{"line":166,"column":192}}]},"72":{"type":"branch","line":168,"loc":{"start":{"line":168,"column":42},"end":{"line":173,"column":9}},"locations":[{"start":{"line":168,"column":42},"end":{"line":173,"column":9}}]},"73":{"type":"branch","line":169,"loc":{"start":{"line":169,"column":25},"end":{"line":169,"column":46}},"locations":[{"start":{"line":169,"column":25},"end":{"line":169,"column":46}}]},"74":{"type":"branch","line":169,"loc":{"start":{"line":169,"column":35},"end":{"line":169,"column":49}},"locations":[{"start":{"line":169,"column":35},"end":{"line":169,"column":49}}]},"75":{"type":"branch","line":170,"loc":{"start":{"line":170,"column":25},"end":{"line":170,"column":61}},"locations":[{"start":{"line":170,"column":25},"end":{"line":170,"column":61}}]},"76":{"type":"branch","line":170,"loc":{"start":{"line":170,"column":55},"end":{"line":170,"column":74}},"locations":[{"start":{"line":170,"column":55},"end":{"line":170,"column":74}}]},"77":{"type":"branch","line":171,"loc":{"start":{"line":171,"column":40},"end":{"line":171,"column":140}},"locations":[{"start":{"line":171,"column":40},"end":{"line":171,"column":140}}]},"78":{"type":"branch","line":171,"loc":{"start":{"line":171,"column":61},"end":{"line":171,"column":101}},"locations":[{"start":{"line":171,"column":61},"end":{"line":171,"column":101}}]},"79":{"type":"branch","line":171,"loc":{"start":{"line":171,"column":96},"end":{"line":171,"column":105}},"locations":[{"start":{"line":171,"column":96},"end":{"line":171,"column":105}}]},"80":{"type":"branch","line":180,"loc":{"start":{"line":180,"column":48},"end":{"line":188,"column":13}},"locations":[{"start":{"line":180,"column":48},"end":{"line":188,"column":13}}]},"81":{"type":"branch","line":181,"loc":{"start":{"line":181,"column":29},"end":{"line":181,"column":54}},"locations":[{"start":{"line":181,"column":29},"end":{"line":181,"column":54}}]},"82":{"type":"branch","line":181,"loc":{"start":{"line":181,"column":39},"end":{"line":181,"column":61}},"locations":[{"start":{"line":181,"column":39},"end":{"line":181,"column":61}}]},"83":{"type":"branch","line":182,"loc":{"start":{"line":182,"column":30},"end":{"line":182,"column":50}},"locations":[{"start":{"line":182,"column":30},"end":{"line":182,"column":50}}]},"84":{"type":"branch","line":182,"loc":{"start":{"line":182,"column":40},"end":{"line":182,"column":53}},"locations":[{"start":{"line":182,"column":40},"end":{"line":182,"column":53}}]},"85":{"type":"branch","line":184,"loc":{"start":{"line":184,"column":31},"end":{"line":185,"column":104}},"locations":[{"start":{"line":184,"column":31},"end":{"line":185,"column":104}}]},"86":{"type":"branch","line":185,"loc":{"start":{"line":185,"column":99},"end":{"line":186,"column":94}},"locations":[{"start":{"line":185,"column":99},"end":{"line":186,"column":94}}]},"87":{"type":"branch","line":183,"loc":{"start":{"line":183,"column":46},"end":{"line":183,"column":74}},"locations":[{"start":{"line":183,"column":46},"end":{"line":183,"column":74}}]},"88":{"type":"branch","line":198,"loc":{"start":{"line":198,"column":7},"end":{"line":210,"column":1}},"locations":[{"start":{"line":198,"column":7},"end":{"line":210,"column":1}}]},"89":{"type":"branch","line":205,"loc":{"start":{"line":205,"column":306},"end":{"line":205,"column":330}},"locations":[{"start":{"line":205,"column":306},"end":{"line":205,"column":330}}]},"90":{"type":"branch","line":207,"loc":{"start":{"line":207,"column":4},"end":{"line":209,"column":5}},"locations":[{"start":{"line":207,"column":4},"end":{"line":209,"column":5}}]},"91":{"type":"branch","line":200,"loc":{"start":{"line":200,"column":41},"end":{"line":200,"column":166}},"locations":[{"start":{"line":200,"column":41},"end":{"line":200,"column":166}}]},"92":{"type":"branch","line":201,"loc":{"start":{"line":201,"column":45},"end":{"line":201,"column":60}},"locations":[{"start":{"line":201,"column":45},"end":{"line":201,"column":60}}]},"93":{"type":"branch","line":202,"loc":{"start":{"line":202,"column":49},"end":{"line":202,"column":64}},"locations":[{"start":{"line":202,"column":49},"end":{"line":202,"column":64}}]},"94":{"type":"branch","line":203,"loc":{"start":{"line":203,"column":48},"end":{"line":203,"column":74}},"locations":[{"start":{"line":203,"column":48},"end":{"line":203,"column":74}}]},"95":{"type":"branch","line":204,"loc":{"start":{"line":204,"column":47},"end":{"line":204,"column":75}},"locations":[{"start":{"line":204,"column":47},"end":{"line":204,"column":75}}]},"96":{"type":"branch","line":212,"loc":{"start":{"line":212,"column":7},"end":{"line":225,"column":1}},"locations":[{"start":{"line":212,"column":7},"end":{"line":225,"column":1}}]},"97":{"type":"branch","line":216,"loc":{"start":{"line":216,"column":39},"end":{"line":216,"column":119}},"locations":[{"start":{"line":216,"column":39},"end":{"line":216,"column":119}}]},"98":{"type":"branch","line":217,"loc":{"start":{"line":217,"column":37},"end":{"line":217,"column":113}},"locations":[{"start":{"line":217,"column":37},"end":{"line":217,"column":113}}]},"99":{"type":"branch","line":218,"loc":{"start":{"line":218,"column":42},"end":{"line":218,"column":128}},"locations":[{"start":{"line":218,"column":42},"end":{"line":218,"column":128}}]},"100":{"type":"branch","line":219,"loc":{"start":{"line":219,"column":39},"end":{"line":219,"column":119}},"locations":[{"start":{"line":219,"column":39},"end":{"line":219,"column":119}}]},"101":{"type":"branch","line":222,"loc":{"start":{"line":222,"column":4},"end":{"line":224,"column":5}},"locations":[{"start":{"line":222,"column":4},"end":{"line":224,"column":5}}]},"102":{"type":"branch","line":215,"loc":{"start":{"line":215,"column":82},"end":{"line":215,"column":97}},"locations":[{"start":{"line":215,"column":82},"end":{"line":215,"column":97}}]},"103":{"type":"branch","line":216,"loc":{"start":{"line":216,"column":88},"end":{"line":216,"column":103}},"locations":[{"start":{"line":216,"column":88},"end":{"line":216,"column":103}}]},"104":{"type":"branch","line":217,"loc":{"start":{"line":217,"column":82},"end":{"line":217,"column":97}},"locations":[{"start":{"line":217,"column":82},"end":{"line":217,"column":97}}]},"105":{"type":"branch","line":218,"loc":{"start":{"line":218,"column":97},"end":{"line":218,"column":112}},"locations":[{"start":{"line":218,"column":97},"end":{"line":218,"column":112}}]},"106":{"type":"branch","line":219,"loc":{"start":{"line":219,"column":88},"end":{"line":219,"column":103}},"locations":[{"start":{"line":219,"column":88},"end":{"line":219,"column":103}}]},"107":{"type":"branch","line":227,"loc":{"start":{"line":227,"column":7},"end":{"line":268,"column":1}},"locations":[{"start":{"line":227,"column":7},"end":{"line":268,"column":1}}]},"108":{"type":"branch","line":233,"loc":{"start":{"line":233,"column":23},"end":{"line":233,"column":49}},"locations":[{"start":{"line":233,"column":23},"end":{"line":233,"column":49}}]},"109":{"type":"branch","line":233,"loc":{"start":{"line":233,"column":65},"end":{"line":233,"column":92}},"locations":[{"start":{"line":233,"column":65},"end":{"line":233,"column":92}}]},"110":{"type":"branch","line":234,"loc":{"start":{"line":234,"column":35},"end":{"line":234,"column":52}},"locations":[{"start":{"line":234,"column":35},"end":{"line":234,"column":52}}]},"111":{"type":"branch","line":234,"loc":{"start":{"line":234,"column":82},"end":{"line":234,"column":101}},"locations":[{"start":{"line":234,"column":82},"end":{"line":234,"column":101}}]},"112":{"type":"branch","line":235,"loc":{"start":{"line":235,"column":30},"end":{"line":235,"column":42}},"locations":[{"start":{"line":235,"column":30},"end":{"line":235,"column":42}}]},"113":{"type":"branch","line":235,"loc":{"start":{"line":235,"column":75},"end":{"line":235,"column":99}},"locations":[{"start":{"line":235,"column":75},"end":{"line":235,"column":99}}]},"114":{"type":"branch","line":236,"loc":{"start":{"line":236,"column":38},"end":{"line":236,"column":59}},"locations":[{"start":{"line":236,"column":38},"end":{"line":236,"column":59}}]},"115":{"type":"branch","line":238,"loc":{"start":{"line":238,"column":96},"end":{"line":238,"column":138}},"locations":[{"start":{"line":238,"column":96},"end":{"line":238,"column":138}}]},"116":{"type":"branch","line":239,"loc":{"start":{"line":239,"column":38},"end":{"line":248,"column":5}},"locations":[{"start":{"line":239,"column":38},"end":{"line":248,"column":5}}]},"117":{"type":"branch","line":241,"loc":{"start":{"line":241,"column":83},"end":{"line":241,"column":124}},"locations":[{"start":{"line":241,"column":83},"end":{"line":241,"column":124}}]},"118":{"type":"branch","line":242,"loc":{"start":{"line":242,"column":44},"end":{"line":242,"column":79}},"locations":[{"start":{"line":242,"column":44},"end":{"line":242,"column":79}}]},"119":{"type":"branch","line":242,"loc":{"start":{"line":242,"column":109},"end":{"line":242,"column":141}},"locations":[{"start":{"line":242,"column":109},"end":{"line":242,"column":141}}]},"120":{"type":"branch","line":243,"loc":{"start":{"line":243,"column":43},"end":{"line":243,"column":61}},"locations":[{"start":{"line":243,"column":43},"end":{"line":243,"column":61}}]},"121":{"type":"branch","line":243,"loc":{"start":{"line":243,"column":90},"end":{"line":243,"column":105}},"locations":[{"start":{"line":243,"column":90},"end":{"line":243,"column":105}}]},"122":{"type":"branch","line":244,"loc":{"start":{"line":244,"column":49},"end":{"line":244,"column":73}},"locations":[{"start":{"line":244,"column":49},"end":{"line":244,"column":73}}]},"123":{"type":"branch","line":244,"loc":{"start":{"line":244,"column":111},"end":{"line":244,"column":138}},"locations":[{"start":{"line":244,"column":111},"end":{"line":244,"column":138}}]},"124":{"type":"branch","line":245,"loc":{"start":{"line":245,"column":50},"end":{"line":245,"column":77}},"locations":[{"start":{"line":245,"column":50},"end":{"line":245,"column":77}}]},"125":{"type":"branch","line":247,"loc":{"start":{"line":247,"column":100},"end":{"line":247,"column":142}},"locations":[{"start":{"line":247,"column":100},"end":{"line":247,"column":142}}]},"126":{"type":"branch","line":249,"loc":{"start":{"line":249,"column":36},"end":{"line":258,"column":5}},"locations":[{"start":{"line":249,"column":36},"end":{"line":258,"column":5}}]},"127":{"type":"branch","line":251,"loc":{"start":{"line":251,"column":83},"end":{"line":251,"column":103}},"locations":[{"start":{"line":251,"column":83},"end":{"line":251,"column":103}}]},"128":{"type":"branch","line":252,"loc":{"start":{"line":252,"column":40},"end":{"line":252,"column":80}},"locations":[{"start":{"line":252,"column":40},"end":{"line":252,"column":80}}]},"129":{"type":"branch","line":252,"loc":{"start":{"line":252,"column":110},"end":{"line":252,"column":144}},"locations":[{"start":{"line":252,"column":110},"end":{"line":252,"column":144}}]},"130":{"type":"branch","line":253,"loc":{"start":{"line":253,"column":38},"end":{"line":253,"column":53}},"locations":[{"start":{"line":253,"column":38},"end":{"line":253,"column":53}}]},"131":{"type":"branch","line":253,"loc":{"start":{"line":253,"column":88},"end":{"line":253,"column":111}},"locations":[{"start":{"line":253,"column":88},"end":{"line":253,"column":111}}]},"132":{"type":"branch","line":254,"loc":{"start":{"line":254,"column":39},"end":{"line":254,"column":64}},"locations":[{"start":{"line":254,"column":39},"end":{"line":254,"column":64}}]},"133":{"type":"branch","line":254,"loc":{"start":{"line":254,"column":97},"end":{"line":254,"column":120}},"locations":[{"start":{"line":254,"column":97},"end":{"line":254,"column":120}}]},"134":{"type":"branch","line":255,"loc":{"start":{"line":255,"column":43},"end":{"line":255,"column":64}},"locations":[{"start":{"line":255,"column":43},"end":{"line":255,"column":64}}]},"135":{"type":"branch","line":257,"loc":{"start":{"line":257,"column":103},"end":{"line":257,"column":146}},"locations":[{"start":{"line":257,"column":103},"end":{"line":257,"column":146}}]},"136":{"type":"branch","line":259,"loc":{"start":{"line":259,"column":30},"end":{"line":262,"column":5}},"locations":[{"start":{"line":259,"column":30},"end":{"line":262,"column":5}}]},"137":{"type":"branch","line":260,"loc":{"start":{"line":260,"column":299},"end":{"line":260,"column":325}},"locations":[{"start":{"line":260,"column":299},"end":{"line":260,"column":325}}]},"138":{"type":"branch","line":260,"loc":{"start":{"line":260,"column":394},"end":{"line":260,"column":422}},"locations":[{"start":{"line":260,"column":394},"end":{"line":260,"column":422}}]},"139":{"type":"branch","line":263,"loc":{"start":{"line":263,"column":33},"end":{"line":266,"column":5}},"locations":[{"start":{"line":263,"column":33},"end":{"line":266,"column":5}}]},"140":{"type":"branch","line":264,"loc":{"start":{"line":264,"column":111},"end":{"line":264,"column":139}},"locations":[{"start":{"line":264,"column":111},"end":{"line":264,"column":139}}]}},"b":{"0":[36],"1":[24],"2":[35],"3":[1],"4":[1],"5":[1],"6":[35],"7":[3],"8":[41],"9":[11],"10":[30],"11":[30],"12":[39],"13":[14],"14":[59],"15":[29],"16":[38],"17":[33],"18":[22],"19":[33],"20":[15],"21":[18],"22":[30],"23":[29],"24":[0],"25":[41],"26":[32],"27":[0],"28":[29],"29":[3],"30":[0],"31":[14],"32":[15],"33":[0],"34":[15],"35":[15],"36":[15],"37":[43],"38":[1],"39":[0],"40":[42],"41":[13],"42":[29],"43":[30],"44":[29],"45":[1],"46":[29],"47":[1],"48":[1],"49":[29],"50":[13],"51":[17],"52":[34],"53":[0],"54":[31],"55":[3],"56":[12],"57":[30],"58":[30],"59":[30],"60":[30],"61":[29],"62":[0],"63":[39],"64":[36],"65":[3],"66":[34],"67":[17],"68":[17],"69":[16],"70":[16],"71":[16],"72":[39],"73":[36],"74":[3],"75":[36],"76":[3],"77":[34],"78":[17],"79":[17],"80":[33],"81":[32],"82":[1],"83":[32],"84":[1],"85":[32],"86":[1],"87":[30],"88":[23],"89":[0],"90":[0],"91":[23],"92":[30],"93":[44],"94":[32],"95":[11],"96":[26],"97":[11],"98":[11],"99":[1],"100":[1],"101":[0],"102":[38],"103":[11],"104":[11],"105":[1],"106":[1],"107":[14],"108":[0],"109":[0],"110":[0],"111":[1],"112":[1],"113":[0],"114":[0],"115":[0],"116":[13],"117":[10],"118":[10],"119":[10],"120":[0],"121":[0],"122":[0],"123":[10],"124":[10],"125":[0],"126":[13],"127":[11],"128":[10],"129":[10],"130":[0],"131":[0],"132":[11],"133":[11],"134":[10],"135":[0],"136":[12],"137":[0],"138":[0],"139":[12],"140":[0]},"fnMap":{"0":{"name":"renderParam","decl":{"start":{"line":11,"column":0},"end":{"line":24,"column":1}},"loc":{"start":{"line":11,"column":0},"end":{"line":24,"column":1}},"line":11},"1":{"name":"renderFn","decl":{"start":{"line":26,"column":0},"end":{"line":52,"column":1}},"loc":{"start":{"line":26,"column":0},"end":{"line":52,"column":1}},"line":26},"2":{"name":"renderManifest","decl":{"start":{"line":54,"column":0},"end":{"line":76,"column":1}},"loc":{"start":{"line":54,"column":0},"end":{"line":76,"column":1}},"line":54},"3":{"name":"renderPester","decl":{"start":{"line":78,"column":0},"end":{"line":90,"column":1}},"loc":{"start":{"line":78,"column":0},"end":{"line":90,"column":1}},"line":78},"4":{"name":"generatePsModule","decl":{"start":{"line":92,"column":7},"end":{"line":106,"column":1}},"loc":{"start":{"line":92,"column":7},"end":{"line":106,"column":1}},"line":92},"5":{"name":"generateCsViewModel","decl":{"start":{"line":108,"column":7},"end":{"line":143,"column":1}},"loc":{"start":{"line":108,"column":7},"end":{"line":143,"column":1}},"line":108},"6":{"name":"generateCsService","decl":{"start":{"line":145,"column":7},"end":{"line":196,"column":1}},"loc":{"start":{"line":145,"column":7},"end":{"line":196,"column":1}},"line":145},"7":{"name":"generateReadme","decl":{"start":{"line":198,"column":7},"end":{"line":210,"column":1}},"loc":{"start":{"line":198,"column":7},"end":{"line":210,"column":1}},"line":198},"8":{"name":"generateChangelog","decl":{"start":{"line":212,"column":7},"end":{"line":225,"column":1}},"loc":{"start":{"line":212,"column":7},"end":{"line":225,"column":1}},"line":212},"9":{"name":"generateFullModule","decl":{"start":{"line":227,"column":7},"end":{"line":268,"column":1}},"loc":{"start":{"line":227,"column":7},"end":{"line":268,"column":1}},"line":227}},"f":{"0":36,"1":41,"2":30,"3":29,"4":33,"5":32,"6":34,"7":23,"8":26,"9":14}}
,"D:\\Dev\\project-scaffolder-mcp-server\\src\\tools\\scaffolder-tools.ts": {"path":"D:\\Dev\\project-scaffolder-mcp-server\\src\\tools\\scaffolder-tools.ts","all":false,"statementMap":{"0":{"start":{"line":1,"column":0},"end":{"line":1,"column":3}},"21":{"start":{"line":22,"column":0},"end":{"line":22,"column":31}},"22":{"start":{"line":23,"column":0},"end":{"line":23,"column":35}},"24":{"start":{"line":25,"column":0},"end":{"line":25,"column":55}},"25":{"start":{"line":26,"column":0},"end":{"line":26,"column":26}},"26":{"start":{"line":27,"column":0},"end":{"line":27,"column":68}},"27":{"start":{"line":28,"column":0},"end":{"line":28,"column":5}},"29":{"start":{"line":30,"column":0},"end":{"line":30,"column":42}},"30":{"start":{"line":31,"column":0},"end":{"line":31,"column":87}},"31":{"start":{"line":32,"column":0},"end":{"line":32,"column":17}},"33":{"start":{"line":34,"column":0},"end":{"line":34,"column":97}},"35":{"start":{"line":36,"column":0},"end":{"line":36,"column":38}},"36":{"start":{"line":37,"column":0},"end":{"line":37,"column":112}},"37":{"start":{"line":38,"column":0},"end":{"line":38,"column":67}},"38":{"start":{"line":39,"column":0},"end":{"line":39,"column":82}},"39":{"start":{"line":40,"column":0},"end":{"line":40,"column":18}},"40":{"start":{"line":41,"column":0},"end":{"line":41,"column":9}},"41":{"start":{"line":42,"column":0},"end":{"line":42,"column":30}},"42":{"start":{"line":43,"column":0},"end":{"line":43,"column":5}},"44":{"start":{"line":45,"column":0},"end":{"line":45,"column":18}},"45":{"start":{"line":46,"column":0},"end":{"line":46,"column":1}},"49":{"start":{"line":50,"column":0},"end":{"line":50,"column":32}},"50":{"start":{"line":51,"column":0},"end":{"line":51,"column":55}},"51":{"start":{"line":52,"column":0},"end":{"line":52,"column":67}},"52":{"start":{"line":53,"column":0},"end":{"line":53,"column":42}},"53":{"start":{"line":54,"column":0},"end":{"line":54,"column":49}},"54":{"start":{"line":55,"column":0},"end":{"line":55,"column":40}},"55":{"start":{"line":56,"column":0},"end":{"line":56,"column":48}},"56":{"start":{"line":57,"column":0},"end":{"line":57,"column":40}},"57":{"start":{"line":58,"column":0},"end":{"line":58,"column":12}},"59":{"start":{"line":60,"column":0},"end":{"line":60,"column":35}},"60":{"start":{"line":61,"column":0},"end":{"line":61,"column":74}},"61":{"start":{"line":62,"column":0},"end":{"line":62,"column":35}},"62":{"start":{"line":63,"column":0},"end":{"line":63,"column":51}},"63":{"start":{"line":64,"column":0},"end":{"line":64,"column":47}},"64":{"start":{"line":65,"column":0},"end":{"line":65,"column":54}},"65":{"start":{"line":66,"column":0},"end":{"line":66,"column":12}},"67":{"start":{"line":68,"column":0},"end":{"line":68,"column":35}},"68":{"start":{"line":69,"column":0},"end":{"line":69,"column":28}},"69":{"start":{"line":70,"column":0},"end":{"line":70,"column":39}},"70":{"start":{"line":71,"column":0},"end":{"line":71,"column":40}},"71":{"start":{"line":72,"column":0},"end":{"line":72,"column":44}},"72":{"start":{"line":73,"column":0},"end":{"line":73,"column":40}},"73":{"start":{"line":74,"column":0},"end":{"line":74,"column":12}},"75":{"start":{"line":76,"column":0},"end":{"line":76,"column":34}},"76":{"start":{"line":77,"column":0},"end":{"line":77,"column":28}},"77":{"start":{"line":78,"column":0},"end":{"line":78,"column":40}},"78":{"start":{"line":79,"column":0},"end":{"line":79,"column":39}},"79":{"start":{"line":80,"column":0},"end":{"line":80,"column":46}},"80":{"start":{"line":81,"column":0},"end":{"line":81,"column":41}},"81":{"start":{"line":82,"column":0},"end":{"line":82,"column":12}},"83":{"start":{"line":84,"column":0},"end":{"line":84,"column":37}},"84":{"start":{"line":85,"column":0},"end":{"line":85,"column":37}},"85":{"start":{"line":86,"column":0},"end":{"line":86,"column":33}},"86":{"start":{"line":87,"column":0},"end":{"line":87,"column":12}},"88":{"start":{"line":89,"column":0},"end":{"line":89,"column":33}},"89":{"start":{"line":90,"column":0},"end":{"line":90,"column":28}},"90":{"start":{"line":91,"column":0},"end":{"line":91,"column":43}},"91":{"start":{"line":92,"column":0},"end":{"line":92,"column":39}},"92":{"start":{"line":93,"column":0},"end":{"line":93,"column":34}},"93":{"start":{"line":94,"column":0},"end":{"line":94,"column":32}},"94":{"start":{"line":95,"column":0},"end":{"line":95,"column":32}},"95":{"start":{"line":96,"column":0},"end":{"line":96,"column":44}},"96":{"start":{"line":97,"column":0},"end":{"line":97,"column":29}},"97":{"start":{"line":98,"column":0},"end":{"line":98,"column":40}},"98":{"start":{"line":99,"column":0},"end":{"line":99,"column":12}},"100":{"start":{"line":101,"column":0},"end":{"line":101,"column":30}},"101":{"start":{"line":102,"column":0},"end":{"line":102,"column":29}},"102":{"start":{"line":103,"column":0},"end":{"line":103,"column":29}},"103":{"start":{"line":104,"column":0},"end":{"line":104,"column":29}},"104":{"start":{"line":105,"column":0},"end":{"line":105,"column":12}},"108":{"start":{"line":109,"column":0},"end":{"line":109,"column":66}},"112":{"start":{"line":113,"column":0},"end":{"line":113,"column":24}},"113":{"start":{"line":114,"column":0},"end":{"line":114,"column":29}},"114":{"start":{"line":115,"column":0},"end":{"line":115,"column":9}},"115":{"start":{"line":116,"column":0},"end":{"line":116,"column":48}},"116":{"start":{"line":117,"column":0},"end":{"line":117,"column":147}},"128":{"start":{"line":129,"column":0},"end":{"line":129,"column":26}},"129":{"start":{"line":130,"column":0},"end":{"line":130,"column":95}},"130":{"start":{"line":131,"column":0},"end":{"line":131,"column":78}},"131":{"start":{"line":132,"column":0},"end":{"line":132,"column":59}},"132":{"start":{"line":133,"column":0},"end":{"line":133,"column":61}},"133":{"start":{"line":134,"column":0},"end":{"line":134,"column":60}},"134":{"start":{"line":135,"column":0},"end":{"line":135,"column":62}},"135":{"start":{"line":136,"column":0},"end":{"line":136,"column":54}},"136":{"start":{"line":137,"column":0},"end":{"line":137,"column":59}},"137":{"start":{"line":138,"column":0},"end":{"line":138,"column":56}},"138":{"start":{"line":139,"column":0},"end":{"line":139,"column":14}},"139":{"start":{"line":140,"column":0},"end":{"line":140,"column":26}},"140":{"start":{"line":141,"column":0},"end":{"line":141,"column":35}},"141":{"start":{"line":142,"column":0},"end":{"line":142,"column":39}},"142":{"start":{"line":143,"column":0},"end":{"line":143,"column":37}},"143":{"start":{"line":144,"column":0},"end":{"line":144,"column":37}},"144":{"start":{"line":145,"column":0},"end":{"line":145,"column":14}},"145":{"start":{"line":146,"column":0},"end":{"line":146,"column":10}},"146":{"start":{"line":147,"column":0},"end":{"line":147,"column":27}},"147":{"start":{"line":148,"column":0},"end":{"line":148,"column":17}},"148":{"start":{"line":149,"column":0},"end":{"line":149,"column":74}},"149":{"start":{"line":150,"column":0},"end":{"line":150,"column":92}},"150":{"start":{"line":151,"column":0},"end":{"line":151,"column":36}},"151":{"start":{"line":152,"column":0},"end":{"line":152,"column":77}},"152":{"start":{"line":153,"column":0},"end":{"line":153,"column":104}},"153":{"start":{"line":154,"column":0},"end":{"line":154,"column":13}},"154":{"start":{"line":155,"column":0},"end":{"line":155,"column":9}},"155":{"start":{"line":156,"column":0},"end":{"line":156,"column":6}},"159":{"start":{"line":160,"column":0},"end":{"line":160,"column":24}},"160":{"start":{"line":161,"column":0},"end":{"line":161,"column":32}},"161":{"start":{"line":162,"column":0},"end":{"line":162,"column":9}},"162":{"start":{"line":163,"column":0},"end":{"line":163,"column":51}},"163":{"start":{"line":164,"column":0},"end":{"line":164,"column":158}},"171":{"start":{"line":172,"column":0},"end":{"line":172,"column":26}},"172":{"start":{"line":173,"column":0},"end":{"line":173,"column":45}},"173":{"start":{"line":174,"column":0},"end":{"line":174,"column":59}},"174":{"start":{"line":175,"column":0},"end":{"line":175,"column":52}},"175":{"start":{"line":176,"column":0},"end":{"line":176,"column":66}},"176":{"start":{"line":177,"column":0},"end":{"line":177,"column":66}},"177":{"start":{"line":178,"column":0},"end":{"line":178,"column":63}},"178":{"start":{"line":179,"column":0},"end":{"line":179,"column":74}},"179":{"start":{"line":180,"column":0},"end":{"line":180,"column":62}},"180":{"start":{"line":181,"column":0},"end":{"line":181,"column":62}},"181":{"start":{"line":182,"column":0},"end":{"line":182,"column":14}},"182":{"start":{"line":183,"column":0},"end":{"line":183,"column":26}},"183":{"start":{"line":184,"column":0},"end":{"line":184,"column":35}},"184":{"start":{"line":185,"column":0},"end":{"line":185,"column":39}},"185":{"start":{"line":186,"column":0},"end":{"line":186,"column":37}},"186":{"start":{"line":187,"column":0},"end":{"line":187,"column":37}},"187":{"start":{"line":188,"column":0},"end":{"line":188,"column":14}},"188":{"start":{"line":189,"column":0},"end":{"line":189,"column":10}},"189":{"start":{"line":190,"column":0},"end":{"line":190,"column":27}},"190":{"start":{"line":191,"column":0},"end":{"line":191,"column":17}},"191":{"start":{"line":192,"column":0},"end":{"line":192,"column":51}},"192":{"start":{"line":193,"column":0},"end":{"line":193,"column":30}},"193":{"start":{"line":194,"column":0},"end":{"line":194,"column":87}},"194":{"start":{"line":195,"column":0},"end":{"line":195,"column":39}},"195":{"start":{"line":196,"column":0},"end":{"line":196,"column":59}},"196":{"start":{"line":197,"column":0},"end":{"line":197,"column":92}},"197":{"start":{"line":198,"column":0},"end":{"line":198,"column":36}},"198":{"start":{"line":199,"column":0},"end":{"line":199,"column":77}},"199":{"start":{"line":200,"column":0},"end":{"line":200,"column":104}},"200":{"start":{"line":201,"column":0},"end":{"line":201,"column":13}},"201":{"start":{"line":202,"column":0},"end":{"line":202,"column":9}},"202":{"start":{"line":203,"column":0},"end":{"line":203,"column":6}},"206":{"start":{"line":207,"column":0},"end":{"line":207,"column":24}},"207":{"start":{"line":208,"column":0},"end":{"line":208,"column":30}},"208":{"start":{"line":209,"column":0},"end":{"line":209,"column":9}},"209":{"start":{"line":210,"column":0},"end":{"lin
[...]
e":410,"column":13}},"410":{"start":{"line":411,"column":0},"end":{"line":411,"column":9}},"411":{"start":{"line":412,"column":0},"end":{"line":412,"column":6}},"415":{"start":{"line":416,"column":0},"end":{"line":416,"column":24}},"416":{"start":{"line":417,"column":0},"end":{"line":417,"column":33}},"417":{"start":{"line":418,"column":0},"end":{"line":418,"column":9}},"418":{"start":{"line":419,"column":0},"end":{"line":419,"column":45}},"419":{"start":{"line":420,"column":0},"end":{"line":420,"column":114}},"420":{"start":{"line":421,"column":0},"end":{"line":421,"column":26}},"421":{"start":{"line":422,"column":0},"end":{"line":422,"column":40}},"422":{"start":{"line":423,"column":0},"end":{"line":423,"column":62}},"423":{"start":{"line":424,"column":0},"end":{"line":424,"column":14}},"424":{"start":{"line":425,"column":0},"end":{"line":425,"column":26}},"425":{"start":{"line":426,"column":0},"end":{"line":426,"column":35}},"426":{"start":{"line":427,"column":0},"end":{"line":427,"column":39}},"427":{"start":{"line":428,"column":0},"end":{"line":428,"column":37}},"428":{"start":{"line":429,"column":0},"end":{"line":429,"column":37}},"429":{"start":{"line":430,"column":0},"end":{"line":430,"column":14}},"430":{"start":{"line":431,"column":0},"end":{"line":431,"column":10}},"431":{"start":{"line":432,"column":0},"end":{"line":432,"column":27}},"432":{"start":{"line":433,"column":0},"end":{"line":433,"column":60}},"433":{"start":{"line":434,"column":0},"end":{"line":434,"column":60}},"434":{"start":{"line":435,"column":0},"end":{"line":435,"column":58}},"436":{"start":{"line":437,"column":0},"end":{"line":437,"column":28}},"437":{"start":{"line":438,"column":0},"end":{"line":438,"column":95}},"438":{"start":{"line":439,"column":0},"end":{"line":439,"column":19}},"439":{"start":{"line":440,"column":0},"end":{"line":440,"column":59}},"440":{"start":{"line":441,"column":0},"end":{"line":441,"column":69}},"441":{"start":{"line":442,"column":0},"end":{"line":442,"column":14}},"443":{"start":{"line":444,"column":0},"end":{"line":444,"column":34}},"444":{"start":{"line":445,"column":0},"end":{"line":445,"column":28}},"445":{"start":{"line":446,"column":0},"end":{"line":446,"column":43}},"446":{"start":{"line":447,"column":0},"end":{"line":447,"column":65}},"447":{"start":{"line":448,"column":0},"end":{"line":448,"column":64}},"448":{"start":{"line":449,"column":0},"end":{"line":449,"column":64}},"449":{"start":{"line":450,"column":0},"end":{"line":450,"column":64}},"450":{"start":{"line":451,"column":0},"end":{"line":451,"column":66}},"451":{"start":{"line":452,"column":0},"end":{"line":452,"column":18}},"452":{"start":{"line":453,"column":0},"end":{"line":453,"column":13}},"454":{"start":{"line":455,"column":0},"end":{"line":455,"column":85}},"455":{"start":{"line":456,"column":0},"end":{"line":456,"column":9}},"456":{"start":{"line":457,"column":0},"end":{"line":457,"column":6}},"460":{"start":{"line":461,"column":0},"end":{"line":461,"column":24}},"461":{"start":{"line":462,"column":0},"end":{"line":462,"column":34}},"462":{"start":{"line":463,"column":0},"end":{"line":463,"column":9}},"463":{"start":{"line":464,"column":0},"end":{"line":464,"column":46}},"464":{"start":{"line":465,"column":0},"end":{"line":465,"column":140}},"465":{"start":{"line":466,"column":0},"end":{"line":466,"column":26}},"466":{"start":{"line":467,"column":0},"end":{"line":467,"column":123}},"467":{"start":{"line":468,"column":0},"end":{"line":468,"column":36}},"468":{"start":{"line":469,"column":0},"end":{"line":469,"column":14}},"469":{"start":{"line":470,"column":0},"end":{"line":470,"column":26}},"470":{"start":{"line":471,"column":0},"end":{"line":471,"column":35}},"471":{"start":{"line":472,"column":0},"end":{"line":472,"column":39}},"472":{"start":{"line":473,"column":0},"end":{"line":473,"column":37}},"473":{"start":{"line":474,"column":0},"end":{"line":474,"column":37}},"474":{"start":{"line":475,"column":0},"end":{"line":475,"column":14}},"475":{"start":{"line":476,"column":0},"end":{"line":476,"column":10}},"476":{"start":{"line":477,"column":0},"end":{"line":477,"column":27}},"477":{"start":{"line":478,"column":0},"end":{"line":478,"column":47}},"478":{"start":{"line":479,"column":0},"end":{"line":479,"column":17}},"479":{"start":{"line":480,"column":0},"end":{"line":480,"column":72}},"480":{"start":{"line":481,"column":0},"end":{"line":481,"column":109}},"481":{"start":{"line":482,"column":0},"end":{"line":482,"column":43}},"482":{"start":{"line":483,"column":0},"end":{"line":483,"column":135}},"483":{"start":{"line":484,"column":0},"end":{"line":484,"column":79}},"484":{"start":{"line":485,"column":0},"end":{"line":485,"column":117}},"485":{"start":{"line":486,"column":0},"end":{"line":486,"column":18}},"486":{"start":{"line":487,"column":0},"end":{"line":487,"column":17}},"487":{"start":{"line":488,"column":0},"end":{"line":488,"column":78}},"488":{"start":{"line":489,"column":0},"end":{"line":489,"column":129}},"489":{"start":{"line":490,"column":0},"end":{"line":490,"column":49}},"490":{"start":{"line":491,"column":0},"end":{"line":491,"column":89}},"491":{"start":{"line":492,"column":0},"end":{"line":492,"column":50}},"492":{"start":{"line":493,"column":0},"end":{"line":493,"column":138}},"493":{"start":{"line":494,"column":0},"end":{"line":494,"column":18}},"494":{"start":{"line":495,"column":0},"end":{"line":495,"column":17}},"495":{"start":{"line":496,"column":0},"end":{"line":496,"column":78}},"496":{"start":{"line":497,"column":0},"end":{"line":497,"column":102}},"497":{"start":{"line":498,"column":0},"end":{"line":498,"column":47}},"498":{"start":{"line":499,"column":0},"end":{"line":499,"column":109}},"499":{"start":{"line":500,"column":0},"end":{"line":500,"column":78}},"500":{"start":{"line":501,"column":0},"end":{"line":501,"column":116}},"501":{"start":{"line":502,"column":0},"end":{"line":502,"column":18}},"502":{"start":{"line":503,"column":0},"end":{"line":503,"column":17}},"503":{"start":{"line":504,"column":0},"end":{"line":504,"column":61}},"504":{"start":{"line":505,"column":0},"end":{"line":505,"column":97}},"505":{"start":{"line":506,"column":0},"end":{"line":506,"column":46}},"506":{"start":{"line":507,"column":0},"end":{"line":507,"column":41}},"507":{"start":{"line":508,"column":0},"end":{"line":508,"column":79}},"508":{"start":{"line":509,"column":0},"end":{"line":509,"column":118}},"509":{"start":{"line":510,"column":0},"end":{"line":510,"column":18}},"510":{"start":{"line":511,"column":0},"end":{"line":511,"column":17}},"511":{"start":{"line":512,"column":0},"end":{"line":512,"column":67}},"512":{"start":{"line":513,"column":0},"end":{"line":513,"column":103}},"513":{"start":{"line":514,"column":0},"end":{"line":514,"column":46}},"514":{"start":{"line":515,"column":0},"end":{"line":515,"column":44}},"515":{"start":{"line":516,"column":0},"end":{"line":516,"column":52}},"516":{"start":{"line":517,"column":0},"end":{"line":517,"column":110}},"517":{"start":{"line":518,"column":0},"end":{"line":518,"column":18}},"518":{"start":{"line":519,"column":0},"end":{"line":519,"column":17}},"519":{"start":{"line":520,"column":0},"end":{"line":520,"column":85}},"520":{"start":{"line":521,"column":0},"end":{"line":521,"column":115}},"521":{"start":{"line":522,"column":0},"end":{"line":522,"column":42}},"522":{"start":{"line":523,"column":0},"end":{"line":523,"column":166}},"523":{"start":{"line":524,"column":0},"end":{"line":524,"column":66}},"524":{"start":{"line":525,"column":0},"end":{"line":525,"column":133}},"525":{"start":{"line":526,"column":0},"end":{"line":526,"column":18}},"526":{"start":{"line":527,"column":0},"end":{"line":527,"column":14}},"528":{"start":{"line":529,"column":0},"end":{"line":529,"column":54}},"529":{"start":{"line":530,"column":0},"end":{"line":530,"column":27}},"530":{"start":{"line":531,"column":0},"end":{"line":531,"column":72}},"532":{"start":{"line":533,"column":0},"end":{"line":533,"column":55}},"533":{"start":{"line":534,"column":0},"end":{"line":534,"column":45}},"534":{"start":{"line":535,"column":0},"end":{"line":535,"column":55}},"535":{"start":{"line":536,"column":0},"end":{"line":536,"column":50}},"536":{"start":{"line":537,"column":0},"end":{"line":537,"column":52}},"537":{"start":{"line":538,"column":0},"end":{"line":538,"column":44}},"538":{"start":{"line":539,"column":0},"end":{"line":539,"column":14}},"540":{"start":{"line":541,"column":0},"end":{"line":541,"column":46}},"541":{"start":{"line":542,"column":0},"end":{"line":542,"column":72}},"542":{"start":{"line":543,"column":0},"end":{"line":543,"column":35}},"543":{"start":{"line":544,"column":0},"end":{"line":544,"column":38}},"544":{"start":{"line":545,"column":0},"end":{"line":545,"column":50}},"545":{"start":{"line":546,"column":0},"end":{"line":546,"column":62}},"546":{"start":{"line":547,"column":0},"end":{"line":547,"column":62}},"547":{"start":{"line":548,"column":0},"end":{"line":548,"column":39}},"549":{"start":{"line":550,"column":0},"end":{"line":550,"column":20}},"550":{"start":{"line":551,"column":0},"end":{"line":551,"column":27}},"551":{"start":{"line":552,"column":0},"end":{"line":552,"column":42}},"552":{"start":{"line":553,"column":0},"end":{"line":553,"column":83}},"553":{"start":{"line":554,"column":0},"end":{"line":554,"column":19}},"554":{"start":{"line":555,"column":0},"end":{"line":555,"column":14}},"555":{"start":{"line":556,"column":0},"end":{"line":556,"column":9}},"556":{"start":{"line":557,"column":0},"end":{"line":557,"column":6}},"557":{"start":{"line":558,"column":0},"end":{"line":558,"column":1}}},"s":{"0":1,"21":1,"22":1,"24":10,"25":10,"26":0,"27":0,"29":10,"30":33,"31":10,"33":10,"35":10,"36":33,"37":33,"38":0,"39":0,"40":0,"41":33,"42":33,"44":10,"45":10,"49":1,"50":1,"51":1,"52":1,"53":1,"54":1,"55":1,"56":1,"57":1,"59":1,"60":1,"61":1,"62":1,"63":1,"64":1,"65":1,"67":1,"68":1,"69":1,"70":1,"71":1,"72":1,"73":1,"75":1,"76":1,"77":1,"78":1,"79":1,"80":1,"81":1,"83":1,"84":1,"85":1,"86":1,"88":1,"89":1,"90":1,"91":1,"92":1,"93":1,"94":1,"95":1,"96":1,"97":1,"98":1,"100":1,"101":1,"102":1,"103":1,"104":1,"108":1,"112":21,"113":21,"114":21,"115":21,"116":21,"128":21,"129":21,"130":21,"131":21,"132":21,"133":21,"134":21,"135":21,"136":21,"137":21,"138":21,"139":21,"140":21,"141":21,"142":21,"143":21,"144":21,"145":21,"146":21,"147":2,"148":2,"149":2,"150":2,"151":0,"152":0,"153":0,"154":2,"155":21,"159":21,"160":21,"161":21,"162":21,"163":21,"171":21,"172":21,"173":21,"174":21,"175":21,"176":21,"177":21,"178":21,"179":21,"180":21,"181":21,"182":21,"183":21,"184":21,"185":21,"186":21,"187":21,"188":21,"189":21,"190":2,"191":2,"192":2,"193":2,"194":2,"195":2,"196":2,"197":2,"198":0,"199":0,"200":0,"201":2,"202":21,"206":21,"207":21,"208":21,"209":21,"210":21,"218":21,"219":21,"220":21,"221":21,"222":21,"223":21,"224":21,"225":21,"226":21,"227":21,"228":21,"229":21,"230":21,"231":21,"232":21,"233":21,"234":21,"235":21,"236":21,"237":2,"238":2,"239":2,"240":2,"241":2,"242":2,"243":2,"244":2,"245":0,"246":0,"247":0,"248":2,"249":21,"253":21,"254":21,"255":21,"256":21,"257":21,"258":21,"259":21,"260":21,"261":21,"262":21,"263":21,"264":21,"265":21,"266":21,"267":21,"268":21,"269":21,"270":21,"271":21,"272":21,"273":21,"274":21,"275":21,"276":21,"277":1,"278":1,"279":1,"280":1,"281":0,"282":0,"283":0,"284":1,"285":21,"289":21,"290":21,"291":21,"292":21,"293":21,"294":21,"295":21,"296":21,"297":21,"298":21,"299":21,"300":21,"301":21,"302":21,"303":21,"304":21,"305":21,"306":21,"307":21,"308":21,"309":21,"310":21,"311":21,"312":1,"313":1,"314":1,"315":1,"316":0,"317":0,"318":0,"319":1,"320":21,"324":21,"325":21,"326":21,"327":21,"328":21,"336":21,"337":21,"338":21,"339":21,"340":21,"341":21,"342":21,"343":21,"344":21,"345":21,"346":21,"347":21,"348":21,"349":21,"350":21,"351":21,"352":21,"353":21,"354":21,"355":21,"356":21,"357":21,"358":2,"359":2,"360":2,"361":2,"362":2,"363":2,"364":2,"365":2,"366":2,"367":2,"368":2,"369":2,"370":2,"371":2,"372":2,"373":2,"374":2,"375":2,"376":2,"377":2,"378":2,"379":2,"380":2,"381":2,"382":2,"383":2,"384":2,"385":2,"386":2,"387":2,"388":2,"389":2,"390":2,"391":2,"392":2,"393":2,"394":2,"395":2,"396":2,"397":2,"398":2,"399":2,"400":2,"401":2,"402":2,"403":2,"404":2,"405":2,"406":2,"407":0,"408":0,"409":0,"410":2,"411":21,"415":21,"416":21,"417":21,"418":21,"419":21,"420":21,"421":21,"422":21,"423":21,"424":21,"425":21,"426":21,"427":21,"428":21,"429":21,"430":21,"431":21,"432":3,"433":1,"434":2,"436":3,"437":3,"438":3,"439":3,"440":3,"441":3,"443":3,"444":3,"445":3,"446":3,"447":3,"448":3,"449":3,"450":3,"451":3,"452":3,"454":3,"455":3,"456":21,"460":21,"461":21,"462":21,"463":21,"464":21,"465":21,"466":21,"467":21,"468":21,"469":21,"470":21,"471":21,"472":21,"473":21,"474":21,"475":21,"476":21,"477":4,"478":4,"479":4,"480":4,"481":4,"482":4,"483":4,"484":4,"485":4,"486":4,"487":4,"488":4,"489":4,"490":4,"491":4,"492":4,"493":4,"494":4,"495":4,"496":4,"497":4,"498":4,"499":4,"500":4,"501":4,"502":4,"503":4,"504":4,"505":4,"506":4,"507":4,"508":4,"509":4,"510":4,"511":4,"512":4,"513":4,"514":4,"515":4,"516":4,"517":4,"518":4,"519":4,"520":4,"521":4,"522":4,"523":4,"524":4,"525":4,"526":4,"528":4,"529":1,"530":3,"532":4,"533":4,"534":4,"535":4,"536":4,"537":4,"538":4,"540":4,"541":10,"542":10,"543":10,"544":10,"545":10,"546":10,"547":4,"549":4,"550":4,"551":4,"552":4,"553":4,"554":4,"555":4,"556":21,"557":21},"branchMap":{"0":{"type":"branch","line":25,"loc":{"start":{"line":25,"column":0},"end":{"line":46,"column":1}},"locations":[{"start":{"line":25,"column":0},"end":{"line":46,"column":1}}]},"1":{"type":"branch","line":26,"loc":{"start":{"line":26,"column":25},"end":{"line":28,"column":5}},"locations":[{"start":{"line":26,"column":25},"end":{"line":28,"column":5}}]},"2":{"type":"branch","line":36,"loc":{"start":{"line":36,"column":37},"end":{"line":43,"column":5}},"locations":[{"start":{"line":36,"column":37},"end":{"line":43,"column":5}}]},"3":{"type":"branch","line":38,"loc":{"start":{"line":38,"column":66},"end":{"line":41,"column":9}},"locations":[{"start":{"line":38,"column":66},"end":{"line":41,"column":9}}]},"4":{"type":"branch","line":30,"loc":{"start":{"line":30,"column":38},"end":{"line":31,"column":87}},"locations":[{"start":{"line":30,"column":38},"end":{"line":31,"column":87}}]},"5":{"type":"branch","line":109,"loc":{"start":{"line":109,"column":7},"end":{"line":558,"column":1}},"locations":[{"start":{"line":109,"column":7},"end":{"line":558,"column":1}}]},"6":{"type":"branch","line":298,"loc":{"start":{"line":298,"column":78},"end":{"line":298,"column":85}},"locations":[{"start":{"line":298,"column":78},"end":{"line":298,"column":85}}]},"7":{"type":"branch","line":147,"loc":{"start":{"line":147,"column":8},"end":{"line":155,"column":9}},"locations":[{"start":{"line":147,"column":8},"end":{"line":155,"column":9}}]},"8":{"type":"branch","line":151,"loc":{"start":{"line":151,"column":12},"end":{"line":154,"column":13}},"locations":[{"start":{"line":151,"column":12},"end":{"line":154,"column":13}}]},"9":{"type":"branch","line":190,"loc":{"start":{"line":190,"column":8},"end":{"line":202,"column":9}},"locations":[{"start":{"line":190,"column":8},"end":{"line":202,"column":9}}]},"10":{"type":"branch","line":198,"loc":{"start":{"line":198,"column":12},"end":{"line":201,"column":13}},"locations":[{"start":{"line":198,"column":12},"end":{"line":201,"column":13}}]},"11":{"type":"branch","line":237,"loc":{"start":{"line":237,"column":8},"end":{"line":249,"column":9}},"locations":[{"start":{"line":237,"column":8},"end":{"line":249,"column":9}}]},"12":{"type":"branch","line":245,"loc":{"start":{"line":245,"column":12},"end":{"line":248,"column":13}},"locations":[{"start":{"line":245,"column":12},"end":{"line":248,"column":13}}]},"13":{"type":"branch","line":277,"loc":{"start":{"line":277,"column":8},"end":{"line":285,"column":9}},"locations":[{"start":{"line":277,"column":8},"end":{"line":285,"column":9}}]},"14":{"type":"branch","line":281,"loc":{"start":{"line":281,"column":12},"end":{"line":284,"column":13}},"locations":[{"start":{"line":281,"column":12},"end":{"line":284,"column":13}}]},"15":{"type":"branch","line":312,"loc":{"start":{"line":312,"column":8},"end":{"line":320,"column":9}},"locations":[{"start":{"line":312,"column":8},"end":{"line":320,"column":9}}]},"16":{"type":"branch","line":316,"loc":{"start":{"line":316,"column":12},"end":{"line":319,"column":13}},"locations":[{"start":{"line":316,"column":12},"end":{"line":319,"column":13}}]},"17":{"type":"branch","line":358,"loc":{"start":{"line":358,"column":8},"end":{"line":411,"column":9}},"locations":[{"start":{"line":358,"column":8},"end":{"line":411,"column":9}}]},"18":{"type":"branch","line":407,"loc":{"start":{"line":407,"column":12},"end":{"line":410,"column":13}},"locations":[{"start":{"line":407,"column":12},"end":{"line":410,"column":13}}]},"19":{"type":"branch","line":432,"loc":{"start":{"line":432,"column":8},"end":{"line":456,"column":9}},"locations":[{"start":{"line":432,"column":8},"end":{"line":456,"column":9}}]},"20":{"type":"branch","line":433,"loc":{"start":{"line":433,"column":47},"end":{"line":434,"column":60}},"locations":[{"start":{"line":433,"column":47},"end":{"line":434,"column":60}}]},"21":{"type":"branch","line":434,"loc":{"start":{"line":434,"column":59},"end":{"line":435,"column":58}},"locations":[{"start":{"line":434,"column":59},"end":{"line":435,"column":58}}]},"22":{"type":"branch","line":438,"loc":{"start":{"line":438,"column":23},"end":{"line":438,"column":63}},"locations":[{"start":{"line":438,"column":23},"end":{"line":438,"column":63}}]},"23":{"type":"branch","line":438,"loc":{"start":{"line":438,"column":48},"end":{"line":438,"column":95}},"locations":[{"start":{"line":438,"column":48},"end":{"line":438,"column":95}}]},"24":{"type":"branch","line":440,"loc":{"start":{"line":440,"column":37},"end":{"line":440,"column":57}},"locations":[{"start":{"line":440,"column":37},"end":{"line":440,"column":57}}]},"25":{"type":"branch","line":441,"loc":{"start":{"line":441,"column":42},"end":{"line":441,"column":67}},"locations":[{"start":{"line":441,"column":42},"end":{"line":441,"column":67}}]},"26":{"type":"branch","line":477,"loc":{"start":{"line":477,"column":8},"end":{"line":556,"column":9}},"locations":[{"start":{"line":477,"column":8},"end":{"line":556,"column":9}}]},"27":{"type":"branch","line":529,"loc":{"start":{"line":529,"column":49},"end":{"line":530,"column":27}},"locations":[{"start":{"line":529,"column":49},"end":{"line":530,"column":27}}]},"28":{"type":"branch","line":530,"loc":{"start":{"line":530,"column":18},"end":{"line":531,"column":72}},"locations":[{"start":{"line":530,"column":18},"end":{"line":531,"column":72}}]},"29":{"type":"branch","line":531,"loc":{"start":{"line":531,"column":35},"end":{"line":531,"column":70}},"locations":[{"start":{"line":531,"column":35},"end":{"line":531,"column":70}}]},"30":{"type":"branch","line":541,"loc":{"start":{"line":541,"column":40},"end":{"line":548,"column":24}},"locations":[{"start":{"line":541,"column":40},"end":{"line":548,"column":24}}]},"31":{"type":"branch","line":542,"loc":{"start":{"line":542,"column":53},"end":{"line":542,"column":68}},"locations":[{"start":{"line":542,"column":53},"end":{"line":542,"column":68}}]}},"b":{"0":[10],"1":[0],"2":[33],"3":[0],"4":[33],"5":[21],"6":[0],"7":[2],"8":[0],"9":[2],"10":[0],"11":[2],"12":[0],"13":[1],"14":[0],"15":[1],"16":[0],"17":[2],"18":[0],"19":[3],"20":[1],"21":[2],"22":[2],"23":[1],"24":[1],"25":[1],"26":[4],"27":[1],"28":[3],"29":[18],"30":[10],"31":[0]},"fnMap":{"0":{"name":"formatResult","decl":{"start":{"line":25,"column":0},"end":{"line":46,"column":1}},"loc":{"start":{"line":25,"column":0},"end":{"line":46,"column":1}},"line":25},"1":{"name":"registerScaffolderTools","decl":{"start":{"line":109,"column":7},"end":{"line":558,"column":1}},"loc":{"start":{"line":109,"column":7},"end":{"line":558,"column":1}},"line":109}},"f":{"0":10,"1":21}}
}
